This file contains any messages produced by compilers while
running configure, to aid debugging if configure makes a mistake.

It was created by fswatch configure 1.17.1, which was
generated by GNU Autoconf 2.71.  Invocation command line was

  $ ./configure

## --------- ##
## Platform. ##
## --------- ##

hostname = tyson.lan
uname -m = x86_64
uname -r = 21.5.0
uname -s = Darwin
uname -v = Darwin Kernel Version 21.5.0: Tue Apr 26 21:08:22 PDT 2022; root:xnu-8020.121.3~4/RELEASE_X86_64

/usr/bin/uname -p = i386
/bin/uname -X     = unknown

/bin/arch              = unknown
/usr/bin/arch -k       = unknown
/usr/convex/getsysinfo = unknown
/usr/bin/hostinfo      = Mach kernel version:
	 Darwin Kernel Version 21.5.0: Tue Apr 26 21:08:22 PDT 2022; root:xnu-8020.121.3~4/RELEASE_X86_64
Kernel configured for up to 16 processors.
8 processors are physically available.
16 processors are logically available.
Processor type: x86_64h (Intel x86-64h Haswell)
Processors active: 0 1 2 3 4 5 6 7 8 9 10 11 12 13 14 15
Primary memory available: 16.00 gigabytes
Default processor set: 589 tasks, 3591 threads, 16 processors
Load average: 3.52, Mach factor: 12.47
/bin/machine           = unknown
/usr/bin/oslevel       = unknown
/bin/universe          = unknown

PATH: /Users/jamespickering/.zplug/bin/
PATH: /Users/jamespickering/.nvm/versions/node/v16.14.0/bin/
PATH: /Library/Frameworks/Python.framework/Versions/2.7/bin/
PATH: /Library/Frameworks/Python.framework/Versions/3.9/bin/
PATH: /Library/Frameworks/Python.framework/Versions/3.8/bin/
PATH: /usr/local/bin/
PATH: /usr/bin/
PATH: /bin/
PATH: /usr/sbin/
PATH: /sbin/
PATH: /opt/X11/bin/
PATH: /Library/Apple/usr/bin/


## ----------- ##
## Core tests. ##
## ----------- ##

configure:3351: looking for aux files: config.rpath ltmain.sh compile ar-lib missing install-sh config.guess config.sub
configure:3364:  trying ./config/
configure:3393:   ./config/config.rpath found
configure:3393:   ./config/ltmain.sh found
configure:3393:   ./config/compile found
configure:3393:   ./config/ar-lib found
configure:3393:   ./config/missing found
configure:3375:   ./config/install-sh found
configure:3393:   ./config/config.guess found
configure:3393:   ./config/config.sub found
configure:3536: checking build system type
configure:3551: result: x86_64-apple-darwin21.5.0
configure:3571: checking host system type
configure:3585: result: x86_64-apple-darwin21.5.0
configure:3610: checking target system type
configure:3624: result: x86_64-apple-darwin21.5.0
configure:3673: checking for a BSD-compatible install
configure:3746: result: /usr/bin/install -c
configure:3757: checking whether build environment is sane
configure:3812: result: yes
configure:3971: checking for a race-free mkdir -p
configure:4015: result: ./config/install-sh -c -d
configure:4022: checking for gawk
configure:4057: result: no
configure:4022: checking for mawk
configure:4057: result: no
configure:4022: checking for nawk
configure:4057: result: no
configure:4022: checking for awk
configure:4043: found /usr/bin/awk
configure:4054: result: awk
configure:4065: checking whether make sets $(MAKE)
configure:4088: result: yes
configure:4118: checking whether make supports nested variables
configure:4136: result: yes
configure:4284: checking whether make supports nested variables
configure:4302: result: yes
configure:4326: checking whether make supports the include directive
configure:4341: make -f confmf.GNU && cat confinc.out
this is the am__doit target
configure:4344: $? = 0
configure:4363: result: yes (GNU style)
configure:4439: checking for gcc
configure:4460: found /usr/bin/gcc
configure:4471: result: gcc
configure:4824: checking for C compiler version
configure:4833: gcc --version >&5
Apple clang version 14.0.0 (clang-1400.0.29.202)
Target: x86_64-apple-darwin21.5.0
Thread model: posix
InstalledDir: /Library/Developer/CommandLineTools/usr/bin
configure:4844: $? = 0
configure:4833: gcc -v >&5
Apple clang version 14.0.0 (clang-1400.0.29.202)
Target: x86_64-apple-darwin21.5.0
Thread model: posix
InstalledDir: /Library/Developer/CommandLineTools/usr/bin
configure:4844: $? = 0
configure:4833: gcc -V >&5
clang: error: argument to '-V' is missing (expected 1 value)
clang: error: no input files
configure:4844: $? = 1
configure:4833: gcc -qversion >&5
clang: error: unknown argument '-qversion'; did you mean '--version'?
clang: error: no input files
configure:4844: $? = 1
configure:4833: gcc -version >&5
clang: error: unknown argument '-version'; did you mean '--version'?
clang: error: no input files
configure:4844: $? = 1
configure:4864: checking whether the C compiler works
configure:4886: gcc    conftest.c  >&5
configure:4890: $? = 0
configure:4940: result: yes
configure:4943: checking for C compiler default output file name
configure:4945: result: a.out
configure:4951: checking for suffix of executables
configure:4958: gcc -o conftest    conftest.c  >&5
configure:4962: $? = 0
configure:4985: result: 
configure:5007: checking whether we are cross compiling
configure:5015: gcc -o conftest    conftest.c  >&5
configure:5019: $? = 0
configure:5026: ./conftest
configure:5030: $? = 0
configure:5045: result: no
configure:5050: checking for suffix of object files
configure:5073: gcc -c   conftest.c >&5
configure:5077: $? = 0
configure:5099: result: o
configure:5103: checking whether the compiler supports GNU C
configure:5123: gcc -c   conftest.c >&5
configure:5123: $? = 0
configure:5133: result: yes
configure:5144: checking whether gcc accepts -g
configure:5165: gcc -c -g  conftest.c >&5
configure:5165: $? = 0
configure:5209: result: yes
configure:5229: checking for gcc option to enable C11 features
configure:5244: gcc  -c -g -O2  conftest.c >&5
configure:5244: $? = 0
configure:5262: result: none needed
configure:5378: checking whether gcc understands -c and -o together
configure:5401: gcc -c conftest.c -o conftest2.o
configure:5404: $? = 0
configure:5401: gcc -c conftest.c -o conftest2.o
configure:5404: $? = 0
configure:5416: result: yes
configure:5435: checking dependency style of gcc
configure:5547: result: gcc3
configure:5618: checking for ar
configure:5639: found /usr/bin/ar
configure:5650: result: ar
configure:5676: checking the archiver (ar) interface
configure:5693: gcc -c -g -O2  conftest.c >&5
configure:5693: $? = 0
configure:5696: ar cru libconftest.a conftest.o >&5
configure:5699: $? = 0
configure:5727: result: ar
configure:5824: checking for clang++
configure:5845: found /usr/bin/clang++
configure:5856: result: clang++
configure:5883: checking for C++ compiler version
configure:5892: clang++ --version >&5
Apple clang version 14.0.0 (clang-1400.0.29.202)
Target: x86_64-apple-darwin21.5.0
Thread model: posix
InstalledDir: /Library/Developer/CommandLineTools/usr/bin
configure:5903: $? = 0
configure:5892: clang++ -v >&5
Apple clang version 14.0.0 (clang-1400.0.29.202)
Target: x86_64-apple-darwin21.5.0
Thread model: posix
InstalledDir: /Library/Developer/CommandLineTools/usr/bin
configure:5903: $? = 0
configure:5892: clang++ -V >&5
clang: error: argument to '-V' is missing (expected 1 value)
clang: error: no input files
configure:5903: $? = 1
configure:5892: clang++ -qversion >&5
clang: error: unknown argument '-qversion'; did you mean '--version'?
clang: error: no input files
configure:5903: $? = 1
configure:5907: checking whether the compiler supports GNU C++
configure:5927: clang++ -c   conftest.cpp >&5
configure:5927: $? = 0
configure:5937: result: yes
configure:5948: checking whether clang++ accepts -g
configure:5969: clang++ -c -g  conftest.cpp >&5
configure:5969: $? = 0
configure:6013: result: yes
configure:6033: checking for clang++ option to enable C++11 features
configure:6048: clang++  -c -g -O2  conftest.cpp >&5
conftest.cpp:57:3: error: "Compiler does not advertise C++11 conformance"
# error "Compiler does not advertise C++11 conformance"
  ^
conftest.cpp:62:3: error: unknown type name 'constexpr'
  constexpr int get_val() { return 20; }
  ^
conftest.cpp:74:17: error: delegating constructors are permitted only in C++11
    delegate(): delegate(2354) {}
                ^~~~~~~~
conftest.cpp:85:26: warning: 'override' keyword is a C++11 extension [-Wc++11-extensions]
    virtual int getval() override final { return this->n * 2; }
                         ^
conftest.cpp:85:35: warning: 'final' keyword is a C++11 extension [-Wc++11-extensions]
    virtual int getval() override final { return this->n * 2; }
                                  ^
conftest.cpp:92:16: warning: defaulted function definitions are a C++11 extension [-Wc++11-extensions]
    nocopy() = default;
               ^
conftest.cpp:93:29: warning: deleted function definitions are a C++11 extension [-Wc++11-extensions]
    nocopy(const nocopy&) = delete;
                            ^
conftest.cpp:94:41: warning: deleted function definitions are a C++11 extension [-Wc++11-extensions]
    nocopy & operator=(const nocopy&) = delete;
                                        ^
conftest.cpp:106:25: warning: 'auto' type specifier is a C++11 extension [-Wc++11-extensions]
  template <typename V> auto sum(V first) -> V
                        ^
conftest.cpp:106:25: error: 'auto' not allowed in function return type
  template <typename V> auto sum(V first) -> V
                        ^~~~
conftest.cpp:106:42: error: expected ';' at end of declaration
  template <typename V> auto sum(V first) -> V
                                         ^
                                         ;
conftest.cpp:106:43: error: cannot use arrow operator on a type
  template <typename V> auto sum(V first) -> V
                                          ^
conftest.cpp:110:33: warning: variadic templates are a C++11 extension [-Wc++11-extensions]
  template <typename V, typename... Args> auto sum(V first, Args... rest) -> V
                                ^
conftest.cpp:110:43: warning: 'auto' type specifier is a C++11 extension [-Wc++11-extensions]
  template <typename V, typename... Args> auto sum(V first, Args... rest) -> V
                                          ^
conftest.cpp:110:43: error: 'auto' not allowed in function return type
  template <typename V, typename... Args> auto sum(V first, Args... rest) -> V
                                          ^~~~
conftest.cpp:110:74: error: expected ';' at end of declaration
  template <typename V, typename... Args> auto sum(V first, Args... rest) -> V
                                                                         ^
                                                                         ;
conftest.cpp:110:75: error: cannot use arrow operator on a type
  template <typename V, typename... Args> auto sum(V first, Args... rest) -> V
                                                                          ^
conftest.cpp:134:3: warning: 'auto' type specifier is a C++11 extension [-Wc++11-extensions]
  auto a1 = 6538;
  ^
conftest.cpp:135:3: warning: 'auto' type specifier is a C++11 extension [-Wc++11-extensions]
  auto a2 = 48573953.4;
  ^
conftest.cpp:136:3: warning: 'auto' type specifier is a C++11 extension [-Wc++11-extensions]
  auto a3 = "String literal";
  ^
conftest.cpp:139:8: warning: 'auto' type specifier is a C++11 extension [-Wc++11-extensions]
  for (auto i = a3; *i; ++i) { total += *i; }
       ^
conftest.cpp:155:8: warning: 'auto' type specifier is a C++11 extension [-Wc++11-extensions]
  for (auto &x : array) { x += 23; }
       ^
conftest.cpp:155:16: warning: range-based for loop is a C++11 extension [-Wc++11-extensions]
  for (auto &x : array) { x += 23; }
               ^
conftest.cpp:160:17: error: expected expression
  assert (eval ([](int x) { return x*2; }, 21) == 42);
                ^
conftest.cpp:162:17: error: expected expression
  assert (eval ([&](double x) { return d += x; }, 3.0) == 5.0);
                ^
conftest.cpp:164:17: error: expected expression
  assert (eval ([=](double x) mutable { return d += x; }, 4.0) == 9.0);
                ^
conftest.cpp:170:3: warning: 'auto' type specifier is a C++11 extension [-Wc++11-extensions]
  auto a = sum(1);
  ^
conftest.cpp:170:12: error: no matching function for call to 'sum'
  auto a = sum(1);
           ^~~
conftest.cpp:171:3: warning: 'auto' type specifier is a C++11 extension [-Wc++11-extensions]
  auto b = sum(1, 2);
  ^
conftest.cpp:171:12: error: no matching function for call to 'sum'
  auto b = sum(1, 2);
           ^~~
conftest.cpp:172:3: warning: 'auto' type specifier is a C++11 extension [-Wc++11-extensions]
  auto c = sum(1.0, 2.0, 3.0);
  ^
conftest.cpp:172:12: error: no matching function for call to 'sum'
  auto c = sum(1.0, 2.0, 3.0);
           ^~~
conftest.cpp:177:25: warning: empty parentheses interpreted as a function declaration [-Wvexing-parse]
  cxx11test::delegate d2();
                        ^~
conftest.cpp:177:25: note: remove parentheses to declare a variable
  cxx11test::delegate d2();
                        ^~
conftest.cpp:190:16: error: found '<::' after a template name which forms the digraph '<:' (aka '[') and a ':', did you mean '< ::'?
  test_template<::test_template<int>> v(test_template<int>(12));
               ^~~
               < ::
conftest.cpp:190:36: error: a space is required between consecutive right angle brackets (use '> >')
  test_template<::test_template<int>> v(test_template<int>(12));
                                   ^~
                                   > >
conftest.cpp:194:22: error: use of undeclared identifier 'u8'
  char const *utf8 = u8"UTF-8 string \u2500";
                     ^
conftest.cpp:194:24: error: expected ';' at end of declaration
  char const *utf8 = u8"UTF-8 string \u2500";
                       ^
                       ;
fatal error: too many errors emitted, stopping now [-ferror-limit=]
18 warnings and 20 errors generated.
configure:6048: $? = 1
configure: failed program was:
| /* confdefs.h */
| #define PACKAGE_NAME "fswatch"
| #define PACKAGE_TARNAME "fswatch"
| #define PACKAGE_VERSION "1.17.1"
| #define PACKAGE_STRING "fswatch 1.17.1"
| #define PACKAGE_BUGREPORT "enrico.m.crisostomo@gmail.com"
| #define PACKAGE_URL "https://github.com/emcrisostomo/fswatch"
| #define PACKAGE "fswatch"
| #define VERSION "1.17.1"
| /* end confdefs.h.  */
| 
| // Does the compiler advertise C++98 conformance?
| #if !defined __cplusplus || __cplusplus < 199711L
| # error "Compiler does not advertise C++98 conformance"
| #endif
| 
| // These inclusions are to reject old compilers that
| // lack the unsuffixed header files.
| #include <cstdlib>
| #include <exception>
| 
| // <cassert> and <cstring> are *not* freestanding headers in C++98.
| extern void assert (int);
| namespace std {
|   extern int strcmp (const char *, const char *);
| }
| 
| // Namespaces, exceptions, and templates were all added after "C++ 2.0".
| using std::exception;
| using std::strcmp;
| 
| namespace {
| 
| void test_exception_syntax()
| {
|   try {
|     throw "test";
|   } catch (const char *s) {
|     // Extra parentheses suppress a warning when building autoconf itself,
|     // due to lint rules shared with more typical C programs.
|     assert (!(strcmp) (s, "test"));
|   }
| }
| 
| template <typename T> struct test_template
| {
|   T const val;
|   explicit test_template(T t) : val(t) {}
|   template <typename U> T add(U u) { return static_cast<T>(u) + val; }
| };
| 
| } // anonymous namespace
| 
| 
| // Does the compiler advertise C++ 2011 conformance?
| #if !defined __cplusplus || __cplusplus < 201103L
| # error "Compiler does not advertise C++11 conformance"
| #endif
| 
| namespace cxx11test
| {
|   constexpr int get_val() { return 20; }
| 
|   struct testinit
|   {
|     int i;
|     double d;
|   };
| 
|   class delegate
|   {
|   public:
|     delegate(int n) : n(n) {}
|     delegate(): delegate(2354) {}
| 
|     virtual int getval() { return this->n; };
|   protected:
|     int n;
|   };
| 
|   class overridden : public delegate
|   {
|   public:
|     overridden(int n): delegate(n) {}
|     virtual int getval() override final { return this->n * 2; }
|   };
| 
|   class nocopy
|   {
|   public:
|     nocopy(int i): i(i) {}
|     nocopy() = default;
|     nocopy(const nocopy&) = delete;
|     nocopy & operator=(const nocopy&) = delete;
|   private:
|     int i;
|   };
| 
|   // for testing lambda expressions
|   template <typename Ret, typename Fn> Ret eval(Fn f, Ret v)
|   {
|     return f(v);
|   }
| 
|   // for testing variadic templates and trailing return types
|   template <typename V> auto sum(V first) -> V
|   {
|     return first;
|   }
|   template <typename V, typename... Args> auto sum(V first, Args... rest) -> V
|   {
|     return first + sum(rest...);
|   }
| }
| 
| 
| int
| main (int argc, char **argv)
| {
|   int ok = 0;
|   
|   assert (argc);
|   assert (! argv[0]);
| {
|   test_exception_syntax ();
|   test_template<double> tt (2.0);
|   assert (tt.add (4) == 6.0);
|   assert (true && !false);
| }
| 
|   
| {
|   // Test auto and decltype
|   auto a1 = 6538;
|   auto a2 = 48573953.4;
|   auto a3 = "String literal";
| 
|   int total = 0;
|   for (auto i = a3; *i; ++i) { total += *i; }
| 
|   decltype(a2) a4 = 34895.034;
| }
| {
|   // Test constexpr
|   short sa[cxx11test::get_val()] = { 0 };
| }
| {
|   // Test initializer lists
|   cxx11test::testinit il = { 4323, 435234.23544 };
| }
| {
|   // Test range-based for
|   int array[] = {9, 7, 13, 15, 4, 18, 12, 10, 5, 3,
|                  14, 19, 17, 8, 6, 20, 16, 2, 11, 1};
|   for (auto &x : array) { x += 23; }
| }
| {
|   // Test lambda expressions
|   using cxx11test::eval;
|   assert (eval ([](int x) { return x*2; }, 21) == 42);
|   double d = 2.0;
|   assert (eval ([&](double x) { return d += x; }, 3.0) == 5.0);
|   assert (d == 5.0);
|   assert (eval ([=](double x) mutable { return d += x; }, 4.0) == 9.0);
|   assert (d == 5.0);
| }
| {
|   // Test use of variadic templates
|   using cxx11test::sum;
|   auto a = sum(1);
|   auto b = sum(1, 2);
|   auto c = sum(1.0, 2.0, 3.0);
| }
| {
|   // Test constructor delegation
|   cxx11test::delegate d1;
|   cxx11test::delegate d2();
|   cxx11test::delegate d3(45);
| }
| {
|   // Test override and final
|   cxx11test::overridden o1(55464);
| }
| {
|   // Test nullptr
|   char *c = nullptr;
| }
| {
|   // Test template brackets
|   test_template<::test_template<int>> v(test_template<int>(12));
| }
| {
|   // Unicode literals
|   char const *utf8 = u8"UTF-8 string \u2500";
|   char16_t const *utf16 = u"UTF-8 string \u2500";
|   char32_t const *utf32 = U"UTF-32 string \u2500";
| }
| 
|   return ok;
| }
| 
configure:6066: result: none needed
configure:6132: checking dependency style of clang++
configure:6244: result: gcc3
configure:6309: checking how to print strings
configure:6336: result: printf
configure:6357: checking for a sed that does not truncate output
configure:6427: result: /usr/bin/sed
configure:6445: checking for grep that handles long lines and -e
configure:6509: result: /usr/bin/grep
configure:6514: checking for egrep
configure:6582: result: /usr/bin/grep -E
configure:6587: checking for fgrep
configure:6655: result: /usr/bin/grep -F
configure:6691: checking for ld used by gcc
configure:6759: result: /Library/Developer/CommandLineTools/usr/bin/ld
configure:6766: checking if the linker (/Library/Developer/CommandLineTools/usr/bin/ld) is GNU ld
configure:6782: result: no
configure:6794: checking for BSD- or MS-compatible name lister (nm)
configure:6849: result: /usr/bin/nm -B
configure:6989: checking the name lister (/usr/bin/nm -B) interface
configure:6997: clang++ -c -g -O2  conftest.cpp >&5
configure:7000: /usr/bin/nm -B "conftest.o"
configure:7003: output
0000000000000240 S _some_variable
configure:7010: result: BSD nm
configure:7013: checking whether ln -s works
configure:7017: result: yes
configure:7025: checking the maximum length of command line arguments
configure:7157: result: 786432
configure:7205: checking how to convert x86_64-apple-darwin21.5.0 file names to x86_64-apple-darwin21.5.0 format
configure:7246: result: func_convert_file_noop
configure:7253: checking how to convert x86_64-apple-darwin21.5.0 file names to toolchain format
configure:7274: result: func_convert_file_noop
configure:7281: checking for /Library/Developer/CommandLineTools/usr/bin/ld option to reload object files
configure:7289: result: -r
configure:7368: checking for file
configure:7389: found /usr/bin/file
configure:7400: result: file
configure:7476: checking for objdump
configure:7497: found /usr/bin/objdump
configure:7508: result: objdump
configure:7540: checking how to recognize dependent libraries
configure:7741: result: pass_all
configure:7831: checking for dlltool
configure:7866: result: no
configure:7896: checking how to associate runtime and link libraries
configure:7924: result: printf %s\n
configure:8075: checking for archiver @FILE support
configure:8093: clang++ -c -g -O2  conftest.cpp >&5
configure:8093: $? = 0
configure:8097: ar cr libconftest.a @conftest.lst >&5
ar: @conftest.lst: No such file or directory
configure:8100: $? = 1
configure:8120: result: no
configure:8183: checking for strip
configure:8204: found /usr/bin/strip
configure:8215: result: strip
configure:8292: checking for ranlib
configure:8313: found /usr/bin/ranlib
configure:8324: result: ranlib
configure:8426: checking command to parse /usr/bin/nm -B output from gcc object
configure:8580: clang++ -c -g -O2  conftest.cpp >&5
configure:8583: $? = 0
configure:8587: /usr/bin/nm -B conftest.o \| /usr/bin/sed -n -e 's/^.*[ ]\([ABCDGIRSTW][ABCDGIRSTW]*\)[ ][ ]*\([_A-Za-z][_A-Za-z0-9]*\)$/\1 \2 \2/p' | /usr/bin/sed '/ __gnu_lto/d' \> conftest.nm
configure:8590: $? = 0
cannot find nm_test_var in conftest.nm
configure:8580: clang++ -c -g -O2  conftest.cpp >&5
configure:8583: $? = 0
configure:8587: /usr/bin/nm -B conftest.o \| /usr/bin/sed -n -e 's/^.*[ ]\([ABCDGIRSTW][ABCDGIRSTW]*\)[ ][ ]*_\([_A-Za-z][_A-Za-z0-9]*\)$/\1 _\2 \2/p' | /usr/bin/sed '/ __gnu_lto/d' \> conftest.nm
configure:8590: $? = 0
configure:8656: clang++ -o conftest -g -O2   conftest.cpp conftstm.o >&5
configure:8659: $? = 0
configure:8697: result: ok
configure:8744: checking for sysroot
configure:8775: result: no
configure:8782: checking for a working dd
configure:8826: result: /bin/dd
configure:8830: checking how to truncate binary pipes
configure:8846: result: /bin/dd bs=4096 count=1
configure:9183: checking for mt
configure:9218: result: no
configure:9238: checking if : is a manifest tool
configure:9245: : '-?'
configure:9253: result: no
configure:9314: checking for dsymutil
configure:9335: found /usr/bin/dsymutil
configure:9346: result: dsymutil
configure:9416: checking for nmedit
configure:9437: found /usr/bin/nmedit
configure:9448: result: nmedit
configure:9518: checking for lipo
configure:9539: found /usr/bin/lipo
configure:9550: result: lipo
configure:9620: checking for otool
configure:9641: found /usr/bin/otool
configure:9652: result: otool
configure:9722: checking for otool64
configure:9757: result: no
configure:9802: checking for -single_module linker flag
gcc -g -O2  -o libconftest.dylib -dynamiclib -Wl,-single_module conftest.c
configure:9836: result: yes
configure:9839: checking for -exported_symbols_list linker flag
configure:9860: clang++ -o conftest -g -O2   -Wl,-exported_symbols_list,conftest.sym conftest.cpp  >&5
configure:9860: $? = 0
configure:9871: result: yes
configure:9874: checking for -force_load linker flag
gcc -g -O2 -c -o conftest.o conftest.c
ar cr libconftest.a conftest.o
ranlib libconftest.a
gcc -g -O2  -o conftest conftest.c -Wl,-force_load,./libconftest.a
configure:9907: result: yes
configure:9978: checking for stdio.h
configure:9978: clang++ -c -g -O2  conftest.cpp >&5
configure:9978: $? = 0
configure:9978: result: yes
configure:9978: checking for stdlib.h
configure:9978: clang++ -c -g -O2  conftest.cpp >&5
configure:9978: $? = 0
configure:9978: result: yes
configure:9978: checking for string.h
configure:9978: clang++ -c -g -O2  conftest.cpp >&5
configure:9978: $? = 0
configure:9978: result: yes
configure:9978: checking for inttypes.h
configure:9978: clang++ -c -g -O2  conftest.cpp >&5
configure:9978: $? = 0
configure:9978: result: yes
configure:9978: checking for stdint.h
configure:9978: clang++ -c -g -O2  conftest.cpp >&5
configure:9978: $? = 0
configure:9978: result: yes
configure:9978: checking for strings.h
configure:9978: clang++ -c -g -O2  conftest.cpp >&5
configure:9978: $? = 0
configure:9978: result: yes
configure:9978: checking for sys/stat.h
configure:9978: clang++ -c -g -O2  conftest.cpp >&5
configure:9978: $? = 0
configure:9978: result: yes
configure:9978: checking for sys/types.h
configure:9978: clang++ -c -g -O2  conftest.cpp >&5
configure:9978: $? = 0
configure:9978: result: yes
configure:9978: checking for unistd.h
configure:9978: clang++ -c -g -O2  conftest.cpp >&5
configure:9978: $? = 0
configure:9978: result: yes
configure:10003: checking for dlfcn.h
configure:10003: clang++ -c -g -O2  conftest.cpp >&5
configure:10003: $? = 0
configure:10003: result: yes
configure:10272: checking for objdir
configure:10288: result: .libs
configure:10552: checking if gcc supports -fno-rtti -fno-exceptions
configure:10571: gcc -c -g -O2  -fno-rtti -fno-exceptions conftest.c >&5
configure:10575: $? = 0
configure:10588: result: yes
configure:10946: checking for gcc option to produce PIC
configure:10954: result: -fno-common -DPIC
configure:10962: checking if gcc PIC flag -fno-common -DPIC works
configure:10981: gcc -c -g -O2  -fno-common -DPIC -DPIC conftest.c >&5
configure:10985: $? = 0
configure:10998: result: yes
configure:11027: checking if gcc static flag -static works
configure:11056: result: no
configure:11071: checking if gcc supports -c -o file.o
configure:11093: gcc -c -g -O2  -o out/conftest2.o conftest.c >&5
configure:11097: $? = 0
configure:11119: result: yes
configure:11127: checking if gcc supports -c -o file.o
configure:11175: result: yes
configure:11208: checking whether the gcc linker (/Library/Developer/CommandLineTools/usr/bin/ld) supports shared libraries
configure:12476: result: yes
configure:12717: checking dynamic linker characteristics
configure:13538: result: darwin21.5.0 dyld
configure:13660: checking how to hardcode library paths into programs
configure:13685: result: immediate
configure:14237: checking whether stripping libraries is possible
configure:14254: result: yes
configure:14288: checking if libtool supports shared libraries
configure:14290: result: yes
configure:14293: checking whether to build shared libraries
configure:14318: result: yes
configure:14321: checking whether to build static libraries
configure:14325: result: yes
configure:14348: checking how to run the C++ preprocessor
configure:14370: clang++ -E  conftest.cpp
configure:14370: $? = 0
configure:14385: clang++ -E  conftest.cpp
conftest.cpp:23:10: fatal error: 'ac_nonexistent.h' file not found
#include <ac_nonexistent.h>
         ^~~~~~~~~~~~~~~~~~
1 error generated.
configure:14385: $? = 1
configure: failed program was:
| /* confdefs.h */
| #define PACKAGE_NAME "fswatch"
| #define PACKAGE_TARNAME "fswatch"
| #define PACKAGE_VERSION "1.17.1"
| #define PACKAGE_STRING "fswatch 1.17.1"
| #define PACKAGE_BUGREPORT "enrico.m.crisostomo@gmail.com"
| #define PACKAGE_URL "https://github.com/emcrisostomo/fswatch"
| #define PACKAGE "fswatch"
| #define VERSION "1.17.1"
| #define HAVE_STDIO_H 1
| #define HAVE_STDLIB_H 1
| #define HAVE_STRING_H 1
| #define HAVE_INTTYPES_H 1
| #define HAVE_STDINT_H 1
| #define HAVE_STRINGS_H 1
| #define HAVE_SYS_STAT_H 1
| #define HAVE_SYS_TYPES_H 1
| #define HAVE_UNISTD_H 1
| #define STDC_HEADERS 1
| #define HAVE_DLFCN_H 1
| #define LT_OBJDIR ".libs/"
| /* end confdefs.h.  */
| #include <ac_nonexistent.h>
configure:14412: result: clang++ -E
configure:14426: clang++ -E  conftest.cpp
configure:14426: $? = 0
configure:14441: clang++ -E  conftest.cpp
conftest.cpp:23:10: fatal error: 'ac_nonexistent.h' file not found
#include <ac_nonexistent.h>
         ^~~~~~~~~~~~~~~~~~
1 error generated.
configure:14441: $? = 1
configure: failed program was:
| /* confdefs.h */
| #define PACKAGE_NAME "fswatch"
| #define PACKAGE_TARNAME "fswatch"
| #define PACKAGE_VERSION "1.17.1"
| #define PACKAGE_STRING "fswatch 1.17.1"
| #define PACKAGE_BUGREPORT "enrico.m.crisostomo@gmail.com"
| #define PACKAGE_URL "https://github.com/emcrisostomo/fswatch"
| #define PACKAGE "fswatch"
| #define VERSION "1.17.1"
| #define HAVE_STDIO_H 1
| #define HAVE_STDLIB_H 1
| #define HAVE_STRING_H 1
| #define HAVE_INTTYPES_H 1
| #define HAVE_STDINT_H 1
| #define HAVE_STRINGS_H 1
| #define HAVE_SYS_STAT_H 1
| #define HAVE_SYS_TYPES_H 1
| #define HAVE_UNISTD_H 1
| #define STDC_HEADERS 1
| #define HAVE_DLFCN_H 1
| #define LT_OBJDIR ".libs/"
| /* end confdefs.h.  */
| #include <ac_nonexistent.h>
configure:14606: checking for ld used by clang++
configure:14674: result: /Library/Developer/CommandLineTools/usr/bin/ld
configure:14681: checking if the linker (/Library/Developer/CommandLineTools/usr/bin/ld) is GNU ld
configure:14697: result: no
configure:14752: checking whether the clang++ linker (/Library/Developer/CommandLineTools/usr/bin/ld) supports shared libraries
configure:15830: result: yes
configure:15866: clang++ -c -g -O2  conftest.cpp >&5
configure:15869: $? = 0
configure:16350: checking for clang++ option to produce PIC
configure:16358: result: -fno-common -DPIC
configure:16366: checking if clang++ PIC flag -fno-common -DPIC works
configure:16385: clang++ -c -g -O2  -fno-common -DPIC -DPIC conftest.cpp >&5
configure:16389: $? = 0
configure:16402: result: yes
configure:16425: checking if clang++ static flag -static works
configure:16454: result: no
configure:16466: checking if clang++ supports -c -o file.o
configure:16488: clang++ -c -g -O2  -o out/conftest2.o conftest.cpp >&5
configure:16492: $? = 0
configure:16514: result: yes
configure:16519: checking if clang++ supports -c -o file.o
configure:16567: result: yes
configure:16597: checking whether the clang++ linker (/Library/Developer/CommandLineTools/usr/bin/ld) supports shared libraries
configure:16637: result: yes
configure:16779: checking dynamic linker characteristics
configure:17527: result: darwin21.5.0 dyld
configure:17592: checking how to hardcode library paths into programs
configure:17617: result: immediate
configure:17691: checking for C++ compiler vendor
configure:17750: clang++ -c -g -O2  conftest.cpp >&5
conftest.cpp:29:7: error: use of undeclared identifier 'thisisanerror'
      thisisanerror;
      ^
1 error generated.
configure:17750: $? = 1
configure: failed program was:
| /* confdefs.h */
| #define PACKAGE_NAME "fswatch"
| #define PACKAGE_TARNAME "fswatch"
| #define PACKAGE_VERSION "1.17.1"
| #define PACKAGE_STRING "fswatch 1.17.1"
| #define PACKAGE_BUGREPORT "enrico.m.crisostomo@gmail.com"
| #define PACKAGE_URL "https://github.com/emcrisostomo/fswatch"
| #define PACKAGE "fswatch"
| #define VERSION "1.17.1"
| #define HAVE_STDIO_H 1
| #define HAVE_STDLIB_H 1
| #define HAVE_STRING_H 1
| #define HAVE_INTTYPES_H 1
| #define HAVE_STDINT_H 1
| #define HAVE_STRINGS_H 1
| #define HAVE_SYS_STAT_H 1
| #define HAVE_SYS_TYPES_H 1
| #define HAVE_UNISTD_H 1
| #define STDC_HEADERS 1
| #define HAVE_DLFCN_H 1
| #define LT_OBJDIR ".libs/"
| /* end confdefs.h.  */
| 
| int
| main (void)
| {
| 
| #if !(defined(__ICC) || defined(__ECC) || defined(__INTEL_COMPILER))
|       thisisanerror;
| #endif
| 
|   ;
|   return 0;
| }
configure:17750: clang++ -c -g -O2  conftest.cpp >&5
conftest.cpp:29:7: error: use of undeclared identifier 'thisisanerror'
      thisisanerror;
      ^
1 error generated.
configure:17750: $? = 1
configure: failed program was:
| /* confdefs.h */
| #define PACKAGE_NAME "fswatch"
| #define PACKAGE_TARNAME "fswatch"
| #define PACKAGE_VERSION "1.17.1"
| #define PACKAGE_STRING "fswatch 1.17.1"
| #define PACKAGE_BUGREPORT "enrico.m.crisostomo@gmail.com"
| #define PACKAGE_URL "https://github.com/emcrisostomo/fswatch"
| #define PACKAGE "fswatch"
| #define VERSION "1.17.1"
| #define HAVE_STDIO_H 1
| #define HAVE_STDLIB_H 1
| #define HAVE_STRING_H 1
| #define HAVE_INTTYPES_H 1
| #define HAVE_STDINT_H 1
| #define HAVE_STRINGS_H 1
| #define HAVE_SYS_STAT_H 1
| #define HAVE_SYS_TYPES_H 1
| #define HAVE_UNISTD_H 1
| #define STDC_HEADERS 1
| #define HAVE_DLFCN_H 1
| #define LT_OBJDIR ".libs/"
| /* end confdefs.h.  */
| 
| int
| main (void)
| {
| 
| #if !(defined(__xlc__) || defined(__xlC__) || defined(__IBMC__) || defined(__IBMCPP__) || defined(__ibmxl__))
|       thisisanerror;
| #endif
| 
|   ;
|   return 0;
| }
configure:17750: clang++ -c -g -O2  conftest.cpp >&5
conftest.cpp:29:7: error: use of undeclared identifier 'thisisanerror'
      thisisanerror;
      ^
1 error generated.
configure:17750: $? = 1
configure: failed program was:
| /* confdefs.h */
| #define PACKAGE_NAME "fswatch"
| #define PACKAGE_TARNAME "fswatch"
| #define PACKAGE_VERSION "1.17.1"
| #define PACKAGE_STRING "fswatch 1.17.1"
| #define PACKAGE_BUGREPORT "enrico.m.crisostomo@gmail.com"
| #define PACKAGE_URL "https://github.com/emcrisostomo/fswatch"
| #define PACKAGE "fswatch"
| #define VERSION "1.17.1"
| #define HAVE_STDIO_H 1
| #define HAVE_STDLIB_H 1
| #define HAVE_STRING_H 1
| #define HAVE_INTTYPES_H 1
| #define HAVE_STDINT_H 1
| #define HAVE_STRINGS_H 1
| #define HAVE_SYS_STAT_H 1
| #define HAVE_SYS_TYPES_H 1
| #define HAVE_UNISTD_H 1
| #define STDC_HEADERS 1
| #define HAVE_DLFCN_H 1
| #define LT_OBJDIR ".libs/"
| /* end confdefs.h.  */
| 
| int
| main (void)
| {
| 
| #if !(defined(__PATHCC__) || defined(__PATHSCALE__))
|       thisisanerror;
| #endif
| 
|   ;
|   return 0;
| }
configure:17750: clang++ -c -g -O2  conftest.cpp >&5
configure:17750: $? = 0
configure:17760: result: clang
configure:17765: checking for C++ compiler version
configure:17940: clang++ -o conftest -g -O2   conftest.cpp  >&5
configure:17940: $? = 0
configure:17940: ./conftest
configure:17940: $? = 0
configure:17950: clang++ -o conftest -g -O2   conftest.cpp  >&5
configure:17950: $? = 0
configure:17950: ./conftest
configure:17950: $? = 0
configure:17960: clang++ -o conftest -g -O2   conftest.cpp  >&5
configure:17960: $? = 0
configure:17960: ./conftest
configure:17960: $? = 0
configure:18831: result: 14.0.0
configure:18895: checking for doxygen
configure:18933: result: no
configure:18944: WARNING: Doxygen support disabled
configure:18965: checking for makeinfo
configure:18988: found /usr/bin/makeinfo
configure:19000: result: /usr/bin/makeinfo
configure:19030: checking whether NLS is requested
configure:19040: result: yes
configure:19080: checking for msgfmt
configure:19116: result: no
configure:19122: checking for gmsgfmt
configure:19158: result: :
configure:19208: checking for xgettext
configure:19244: result: no
configure:19286: checking for msgmerge
configure:19321: result: no
configure:19377: checking for ld used by gcc
configure:19445: result: /Library/Developer/CommandLineTools/usr/bin/ld
configure:19452: checking if the linker (/Library/Developer/CommandLineTools/usr/bin/ld) is GNU ld
configure:19468: result: no
configure:19476: checking for shared library run path origin
configure:19490: result: done
configure:20067: checking for CFPreferencesCopyAppValue
configure:20086: clang++ -o conftest -g -O2   conftest.cpp  -Wl,-framework -Wl,CoreFoundation >&5
conftest.cpp:27:37: warning: null passed to a callee that requires a non-null argument [-Wnonnull]
CFPreferencesCopyAppValue(NULL, NULL)
                          ~~~~      ^
conftest.cpp:27:37: warning: null passed to a callee that requires a non-null argument [-Wnonnull]
CFPreferencesCopyAppValue(NULL, NULL)
                                ~~~~^
2 warnings generated.
configure:20086: $? = 0
configure:20096: result: yes
configure:20103: checking for CFLocaleCopyCurrent
configure:20122: clang++ -o conftest -g -O2   conftest.cpp  -Wl,-framework -Wl,CoreFoundation >&5
configure:20122: $? = 0
configure:20132: result: yes
configure:20181: checking for GNU gettext in libc
configure:20206: clang++ -o conftest -g -O2   conftest.cpp  >&5
conftest.cpp:26:10: fatal error: 'libintl.h' file not found
#include <libintl.h>
         ^~~~~~~~~~~
1 error generated.
configure:20206: $? = 1
configure: failed program was:
| /* confdefs.h */
| #define PACKAGE_NAME "fswatch"
| #define PACKAGE_TARNAME "fswatch"
| #define PACKAGE_VERSION "1.17.1"
| #define PACKAGE_STRING "fswatch 1.17.1"
| #define PACKAGE_BUGREPORT "enrico.m.crisostomo@gmail.com"
| #define PACKAGE_URL "https://github.com/emcrisostomo/fswatch"
| #define PACKAGE "fswatch"
| #define VERSION "1.17.1"
| #define HAVE_STDIO_H 1
| #define HAVE_STDLIB_H 1
| #define HAVE_STRING_H 1
| #define HAVE_INTTYPES_H 1
| #define HAVE_STDINT_H 1
| #define HAVE_STRINGS_H 1
| #define HAVE_SYS_STAT_H 1
| #define HAVE_SYS_TYPES_H 1
| #define HAVE_UNISTD_H 1
| #define STDC_HEADERS 1
| #define HAVE_DLFCN_H 1
| #define LT_OBJDIR ".libs/"
| #define HAVE_CFPREFERENCESCOPYAPPVALUE 1
| #define HAVE_CFLOCALECOPYCURRENT 1
| /* end confdefs.h.  */
| 
| #include <libintl.h>
| 
| extern int _nl_msg_cat_cntr;
| extern int *_nl_domain_bindings;
| 
| int
| main (void)
| {
| 
| bindtextdomain ("", "");
| return * gettext ("") + _nl_msg_cat_cntr + *_nl_domain_bindings
| 
|   ;
|   return 0;
| }
configure:20216: result: no
configure:20250: checking for iconv
configure:20275: clang++ -o conftest -g -O2   conftest.cpp  >&5
Undefined symbols for architecture x86_64:
  "_iconv", referenced from:
      _main in conftest-e8abb7.o
  "_iconv_close", referenced from:
      _main in conftest-e8abb7.o
  "_iconv_open", referenced from:
      _main in conftest-e8abb7.o
ld: symbol(s) not found for architecture x86_64
clang: error: linker command failed with exit code 1 (use -v to see invocation)
configure:20275: $? = 1
configure: failed program was:
| /* confdefs.h */
| #define PACKAGE_NAME "fswatch"
| #define PACKAGE_TARNAME "fswatch"
| #define PACKAGE_VERSION "1.17.1"
| #define PACKAGE_STRING "fswatch 1.17.1"
| #define PACKAGE_BUGREPORT "enrico.m.crisostomo@gmail.com"
| #define PACKAGE_URL "https://github.com/emcrisostomo/fswatch"
| #define PACKAGE "fswatch"
| #define VERSION "1.17.1"
| #define HAVE_STDIO_H 1
| #define HAVE_STDLIB_H 1
| #define HAVE_STRING_H 1
| #define HAVE_INTTYPES_H 1
| #define HAVE_STDINT_H 1
| #define HAVE_STRINGS_H 1
| #define HAVE_SYS_STAT_H 1
| #define HAVE_SYS_TYPES_H 1
| #define HAVE_UNISTD_H 1
| #define STDC_HEADERS 1
| #define HAVE_DLFCN_H 1
| #define LT_OBJDIR ".libs/"
| #define HAVE_CFPREFERENCESCOPYAPPVALUE 1
| #define HAVE_CFLOCALECOPYCURRENT 1
| /* end confdefs.h.  */
| 
| #include <stdlib.h>
| #include <iconv.h>
| 
| int
| main (void)
| {
| iconv_t cd = iconv_open("","");
|            iconv(cd,NULL,NULL,NULL,NULL);
|            iconv_close(cd);
|   ;
|   return 0;
| }
configure:20300: clang++ -o conftest -g -O2   conftest.cpp  -liconv >&5
configure:20300: $? = 0
configure:20311: result: yes
configure:20314: checking for working iconv
configure:20445: clang++ -o conftest -g -O2   conftest.cpp  -liconv >&5
configure:20445: $? = 0
configure:20445: ./conftest
configure:20445: $? = 0
configure:20458: result: yes
configure:20473: checking how to link with libiconv
configure:20475: result: -liconv
configure:20948: checking for GNU gettext in libintl
configure:20981: clang++ -o conftest -g -O2    conftest.cpp  -lintl >&5
conftest.cpp:27:10: fatal error: 'libintl.h' file not found
#include <libintl.h>
         ^~~~~~~~~~~
1 error generated.
configure:20981: $? = 1
configure: failed program was:
| /* confdefs.h */
| #define PACKAGE_NAME "fswatch"
| #define PACKAGE_TARNAME "fswatch"
| #define PACKAGE_VERSION "1.17.1"
| #define PACKAGE_STRING "fswatch 1.17.1"
| #define PACKAGE_BUGREPORT "enrico.m.crisostomo@gmail.com"
| #define PACKAGE_URL "https://github.com/emcrisostomo/fswatch"
| #define PACKAGE "fswatch"
| #define VERSION "1.17.1"
| #define HAVE_STDIO_H 1
| #define HAVE_STDLIB_H 1
| #define HAVE_STRING_H 1
| #define HAVE_INTTYPES_H 1
| #define HAVE_STDINT_H 1
| #define HAVE_STRINGS_H 1
| #define HAVE_SYS_STAT_H 1
| #define HAVE_SYS_TYPES_H 1
| #define HAVE_UNISTD_H 1
| #define STDC_HEADERS 1
| #define HAVE_DLFCN_H 1
| #define LT_OBJDIR ".libs/"
| #define HAVE_CFPREFERENCESCOPYAPPVALUE 1
| #define HAVE_CFLOCALECOPYCURRENT 1
| #define HAVE_ICONV 1
| /* end confdefs.h.  */
| 
| #include <libintl.h>
| 
| extern int _nl_msg_cat_cntr;
| extern
| #ifdef __cplusplus
| "C"
| #endif
| const char *_nl_expand_alias (const char *);
| 
| int
| main (void)
| {
| 
| bindtextdomain ("", "");
| return * gettext ("") + _nl_msg_cat_cntr + *_nl_expand_alias ("")
| 
|   ;
|   return 0;
| }
configure:21014: clang++ -o conftest -g -O2    conftest.cpp  -lintl -liconv >&5
conftest.cpp:27:10: fatal error: 'libintl.h' file not found
#include <libintl.h>
         ^~~~~~~~~~~
1 error generated.
configure:21014: $? = 1
configure: failed program was:
| /* confdefs.h */
| #define PACKAGE_NAME "fswatch"
| #define PACKAGE_TARNAME "fswatch"
| #define PACKAGE_VERSION "1.17.1"
| #define PACKAGE_STRING "fswatch 1.17.1"
| #define PACKAGE_BUGREPORT "enrico.m.crisostomo@gmail.com"
| #define PACKAGE_URL "https://github.com/emcrisostomo/fswatch"
| #define PACKAGE "fswatch"
| #define VERSION "1.17.1"
| #define HAVE_STDIO_H 1
| #define HAVE_STDLIB_H 1
| #define HAVE_STRING_H 1
| #define HAVE_INTTYPES_H 1
| #define HAVE_STDINT_H 1
| #define HAVE_STRINGS_H 1
| #define HAVE_SYS_STAT_H 1
| #define HAVE_SYS_TYPES_H 1
| #define HAVE_UNISTD_H 1
| #define STDC_HEADERS 1
| #define HAVE_DLFCN_H 1
| #define LT_OBJDIR ".libs/"
| #define HAVE_CFPREFERENCESCOPYAPPVALUE 1
| #define HAVE_CFLOCALECOPYCURRENT 1
| #define HAVE_ICONV 1
| /* end confdefs.h.  */
| 
| #include <libintl.h>
| 
| extern int _nl_msg_cat_cntr;
| extern
| #ifdef __cplusplus
| "C"
| #endif
| const char *_nl_expand_alias (const char *);
| 
| int
| main (void)
| {
| 
| bindtextdomain ("", "");
| return * gettext ("") + _nl_msg_cat_cntr + *_nl_expand_alias ("")
| 
|   ;
|   return 0;
| }
configure:21028: result: no
configure:21063: checking whether to use NLS
configure:21065: result: no
configure:21155: checking whether clang++ supports C++11 features by default
configure:21452: clang++ -c -g -O2  conftest.cpp >&5
conftest.cpp:37:2: error: "This is not a C++11 compiler"
#error "This is not a C++11 compiler"
 ^
1 error generated.
configure:21452: $? = 1
configure: failed program was:
| /* confdefs.h */
| #define PACKAGE_NAME "fswatch"
| #define PACKAGE_TARNAME "fswatch"
| #define PACKAGE_VERSION "1.17.1"
| #define PACKAGE_STRING "fswatch 1.17.1"
| #define PACKAGE_BUGREPORT "enrico.m.crisostomo@gmail.com"
| #define PACKAGE_URL "https://github.com/emcrisostomo/fswatch"
| #define PACKAGE "fswatch"
| #define VERSION "1.17.1"
| #define HAVE_STDIO_H 1
| #define HAVE_STDLIB_H 1
| #define HAVE_STRING_H 1
| #define HAVE_INTTYPES_H 1
| #define HAVE_STDINT_H 1
| #define HAVE_STRINGS_H 1
| #define HAVE_SYS_STAT_H 1
| #define HAVE_SYS_TYPES_H 1
| #define HAVE_UNISTD_H 1
| #define STDC_HEADERS 1
| #define HAVE_DLFCN_H 1
| #define LT_OBJDIR ".libs/"
| #define HAVE_CFPREFERENCESCOPYAPPVALUE 1
| #define HAVE_CFLOCALECOPYCURRENT 1
| #define HAVE_ICONV 1
| /* end confdefs.h.  */
| 
| 
| // If the compiler admits that it is not ready for C++11, why torture it?
| // Hopefully, this will speed up the test.
| 
| #ifndef __cplusplus
| 
| #error "This is not a C++ compiler"
| 
| #elif __cplusplus < 201103L
| 
| #error "This is not a C++11 compiler"
| 
| #else
| 
| namespace cxx11
| {
| 
|   namespace test_static_assert
|   {
| 
|     template <typename T>
|     struct check
|     {
|       static_assert(sizeof(int) <= sizeof(T), "not big enough");
|     };
| 
|   }
| 
|   namespace test_final_override
|   {
| 
|     struct Base
|     {
|       virtual ~Base() {}
|       virtual void f() {}
|     };
| 
|     struct Derived : public Base
|     {
|       virtual ~Derived() override {}
|       virtual void f() override {}
|     };
| 
|   }
| 
|   namespace test_double_right_angle_brackets
|   {
| 
|     template < typename T >
|     struct check {};
| 
|     typedef check<void> single_type;
|     typedef check<check<void>> double_type;
|     typedef check<check<check<void>>> triple_type;
|     typedef check<check<check<check<void>>>> quadruple_type;
| 
|   }
| 
|   namespace test_decltype
|   {
| 
|     int
|     f()
|     {
|       int a = 1;
|       decltype(a) b = 2;
|       return a + b;
|     }
| 
|   }
| 
|   namespace test_type_deduction
|   {
| 
|     template < typename T1, typename T2 >
|     struct is_same
|     {
|       static const bool value = false;
|     };
| 
|     template < typename T >
|     struct is_same<T, T>
|     {
|       static const bool value = true;
|     };
| 
|     template < typename T1, typename T2 >
|     auto
|     add(T1 a1, T2 a2) -> decltype(a1 + a2)
|     {
|       return a1 + a2;
|     }
| 
|     int
|     test(const int c, volatile int v)
|     {
|       static_assert(is_same<int, decltype(0)>::value == true, "");
|       static_assert(is_same<int, decltype(c)>::value == false, "");
|       static_assert(is_same<int, decltype(v)>::value == false, "");
|       auto ac = c;
|       auto av = v;
|       auto sumi = ac + av + 'x';
|       auto sumf = ac + av + 1.0;
|       static_assert(is_same<int, decltype(ac)>::value == true, "");
|       static_assert(is_same<int, decltype(av)>::value == true, "");
|       static_assert(is_same<int, decltype(sumi)>::value == true, "");
|       static_assert(is_same<int, decltype(sumf)>::value == false, "");
|       static_assert(is_same<int, decltype(add(c, v))>::value == true, "");
|       return (sumf > 0.0) ? sumi : add(c, v);
|     }
| 
|   }
| 
|   namespace test_noexcept
|   {
| 
|     int f() { return 0; }
|     int g() noexcept { return 0; }
| 
|     static_assert(noexcept(f()) == false, "");
|     static_assert(noexcept(g()) == true, "");
| 
|   }
| 
|   namespace test_constexpr
|   {
| 
|     template < typename CharT >
|     unsigned long constexpr
|     strlen_c_r(const CharT *const s, const unsigned long acc) noexcept
|     {
|       return *s ? strlen_c_r(s + 1, acc + 1) : acc;
|     }
| 
|     template < typename CharT >
|     unsigned long constexpr
|     strlen_c(const CharT *const s) noexcept
|     {
|       return strlen_c_r(s, 0UL);
|     }
| 
|     static_assert(strlen_c("") == 0UL, "");
|     static_assert(strlen_c("1") == 1UL, "");
|     static_assert(strlen_c("example") == 7UL, "");
|     static_assert(strlen_c("another\0example") == 7UL, "");
| 
|   }
| 
|   namespace test_rvalue_references
|   {
| 
|     template < int N >
|     struct answer
|     {
|       static constexpr int value = N;
|     };
| 
|     answer<1> f(int&)       { return answer<1>(); }
|     answer<2> f(const int&) { return answer<2>(); }
|     answer<3> f(int&&)      { return answer<3>(); }
| 
|     void
|     test()
|     {
|       int i = 0;
|       const int c = 0;
|       static_assert(decltype(f(i))::value == 1, "");
|       static_assert(decltype(f(c))::value == 2, "");
|       static_assert(decltype(f(0))::value == 3, "");
|     }
| 
|   }
| 
|   namespace test_uniform_initialization
|   {
| 
|     struct test
|     {
|       static const int zero {};
|       static const int one {1};
|     };
| 
|     static_assert(test::zero == 0, "");
|     static_assert(test::one == 1, "");
| 
|   }
| 
|   namespace test_lambdas
|   {
| 
|     void
|     test1()
|     {
|       auto lambda1 = [](){};
|       auto lambda2 = lambda1;
|       lambda1();
|       lambda2();
|     }
| 
|     int
|     test2()
|     {
|       auto a = [](int i, int j){ return i + j; }(1, 2);
|       auto b = []() -> int { return '0'; }();
|       auto c = [=](){ return a + b; }();
|       auto d = [&](){ return c; }();
|       auto e = [a, &b](int x) mutable {
|         const auto identity = [](int y){ return y; };
|         for (auto i = 0; i < a; ++i)
|           a += b--;
|         return x + identity(a + b);
|       }(0);
|       return a + b + c + d + e;
|     }
| 
|     int
|     test3()
|     {
|       const auto nullary = [](){ return 0; };
|       const auto unary = [](int x){ return x; };
|       using nullary_t = decltype(nullary);
|       using unary_t = decltype(unary);
|       const auto higher1st = [](nullary_t f){ return f(); };
|       const auto higher2nd = [unary](nullary_t f1){
|         return [unary, f1](unary_t f2){ return f2(unary(f1())); };
|       };
|       return higher1st(nullary) + higher2nd(nullary)(unary);
|     }
| 
|   }
| 
|   namespace test_variadic_templates
|   {
| 
|     template <int...>
|     struct sum;
| 
|     template <int N0, int... N1toN>
|     struct sum<N0, N1toN...>
|     {
|       static constexpr auto value = N0 + sum<N1toN...>::value;
|     };
| 
|     template <>
|     struct sum<>
|     {
|       static constexpr auto value = 0;
|     };
| 
|     static_assert(sum<>::value == 0, "");
|     static_assert(sum<1>::value == 1, "");
|     static_assert(sum<23>::value == 23, "");
|     static_assert(sum<1, 2>::value == 3, "");
|     static_assert(sum<5, 5, 11>::value == 21, "");
|     static_assert(sum<2, 3, 5, 7, 11, 13>::value == 41, "");
| 
|   }
| 
|   // http://stackoverflow.com/questions/13728184/template-aliases-and-sfinae
|   // Clang 3.1 fails with headers of libstd++ 4.8.3 when using std::function
|   // because of this.
|   namespace test_template_alias_sfinae
|   {
| 
|     struct foo {};
| 
|     template<typename T>
|     using member = typename T::member_type;
| 
|     template<typename T>
|     void func(...) {}
| 
|     template<typename T>
|     void func(member<T>*) {}
| 
|     void test();
| 
|     void test() { func<foo>(0); }
| 
|   }
| 
| }  // namespace cxx11
| 
| #endif  // __cplusplus >= 201103L
| 
| 
| 
configure:21460: result: no
configure:21470: checking whether clang++ supports C++11 features with -std=gnu++11
configure:21769: clang++ -std=gnu++11 -c -g -O2  conftest.cpp >&5
configure:21769: $? = 0
configure:21779: result: yes
configure:22154: checking CXXFLAGS for most reasonable warnings
configure:22241: : CXXFLAGS="$CXXFLAGS"
configure:22244: $? = 0
configure:22267: result: -Wall
configure:22279: checking for pthread_create in -lpthread
configure:22301: clang++ -std=gnu++11 -o conftest -Wall -g -O2   conftest.cpp -lpthread   >&5
configure:22301: $? = 0
configure:22311: result: yes
configure:22325: checking for cstdlib
configure:22325: clang++ -std=gnu++11 -c -Wall -g -O2  conftest.cpp >&5
configure:22325: $? = 0
configure:22325: result: yes
configure:22337: checking for unistd.h
configure:22337: result: yes
configure:22349: checking for fcntl.h
configure:22349: clang++ -std=gnu++11 -c -Wall -g -O2  conftest.cpp >&5
configure:22349: $? = 0
configure:22349: result: yes
configure:22361: checking for unordered_map
configure:22361: clang++ -std=gnu++11 -c -Wall -g -O2  conftest.cpp >&5
configure:22361: $? = 0
configure:22361: result: yes
configure:22367: checking for unordered_set
configure:22367: clang++ -std=gnu++11 -c -Wall -g -O2  conftest.cpp >&5
configure:22367: $? = 0
configure:22367: result: yes
configure:22374: checking for getopt.h
configure:22374: clang++ -std=gnu++11 -c -Wall -g -O2  conftest.cpp >&5
configure:22374: $? = 0
configure:22374: result: yes
configure:22550: checking for CoreServices/CoreServices.h
configure:22550: clang++ -std=gnu++11 -c -Wall -g -O2  conftest.cpp >&5
configure:22550: $? = 0
configure:22550: result: yes
configure:22559: checking for file events in macOS FSEvents API
configure:22583: gcc -c -g -O2  conftest.c >&5
configure:22583: $? = 0
configure:22598: result: yes
configure:22600: checking for FSEventStreamSetDispatchQueue in macOS FSEvents API
configure:22624: gcc -c -g -O2  conftest.c >&5
conftest.c:43:41: warning: null passed to a callee that requires a non-null argument [-Wnonnull]
FSEventStreamSetDispatchQueue(NULL, NULL);
                              ~~~~      ^
1 warning generated.
configure:22624: $? = 0
configure:22639: result: yes
configure:22669: checking for sys/event.h
configure:22669: clang++ -std=gnu++11 -c -Wall -g -O2  conftest.cpp >&5
configure:22669: $? = 0
configure:22669: result: yes
configure:22676: checking for clang++ -std=gnu++11 options needed to detect all undeclared functions
configure:22698: clang++ -std=gnu++11 -c -Wall -g -O2  conftest.cpp >&5
conftest.cpp:46:8: error: use of undeclared identifier 'strchr'
(void) strchr;
       ^
1 error generated.
configure:22698: $? = 1
configure: failed program was:
| /* confdefs.h */
| #define PACKAGE_NAME "fswatch"
| #define PACKAGE_TARNAME "fswatch"
| #define PACKAGE_VERSION "1.17.1"
| #define PACKAGE_STRING "fswatch 1.17.1"
| #define PACKAGE_BUGREPORT "enrico.m.crisostomo@gmail.com"
| #define PACKAGE_URL "https://github.com/emcrisostomo/fswatch"
| #define PACKAGE "fswatch"
| #define VERSION "1.17.1"
| #define HAVE_STDIO_H 1
| #define HAVE_STDLIB_H 1
| #define HAVE_STRING_H 1
| #define HAVE_INTTYPES_H 1
| #define HAVE_STDINT_H 1
| #define HAVE_STRINGS_H 1
| #define HAVE_SYS_STAT_H 1
| #define HAVE_SYS_TYPES_H 1
| #define HAVE_UNISTD_H 1
| #define STDC_HEADERS 1
| #define HAVE_DLFCN_H 1
| #define LT_OBJDIR ".libs/"
| #define HAVE_CFPREFERENCESCOPYAPPVALUE 1
| #define HAVE_CFLOCALECOPYCURRENT 1
| #define HAVE_ICONV 1
| #define HAVE_CXX11 1
| #define HAVE_LIBPTHREAD 1
| #define HAVE_CSTDLIB 1
| #define HAVE_UNISTD_H 1
| #define HAVE_FCNTL_H 1
| #define HAVE_UNORDERED_MAP 1
| #define HAVE_UNORDERED_SET 1
| #define HAVE_GETOPT_H 1
| #define HAVE_MACOS_GE_10_5 1
| #define HAVE_MACOS_GE_10_7 1
| #define HAVE_MACOS_GE_10_9 1
| #define HAVE_MACOS_GE_10_10 1
| #define HAVE_CORESERVICES_CORESERVICES_H 1
| #define HAVE_FSEVENTS_FILE_EVENTS 1
| #define HAVE_FSEVENTS_FSEVENTSTREAMSETDISPATCHQUEUE 1
| #define HAVE_SYS_EVENT_H 1
| /* end confdefs.h.  */
| 
| int
| main (void)
| {
| (void) strchr;
|   ;
|   return 0;
| }
configure:22725: clang++ -std=gnu++11 -c -Wall -g -O2  conftest.cpp >&5
configure:22725: $? = 0
configure:22742: result: none needed
configure:22760: checking whether kqueue is declared
configure:22760: clang++ -std=gnu++11 -c -Wall -g -O2   conftest.cpp >&5
configure:22760: $? = 0
configure:22760: result: yes
configure:22781: checking whether kevent is declared
configure:22781: clang++ -std=gnu++11 -c -Wall -g -O2   conftest.cpp >&5
configure:22781: $? = 0
configure:22781: result: yes
configure:22803: checking for kqueue in -lc
configure:22825: clang++ -std=gnu++11 -o conftest -Wall -g -O2   conftest.cpp -lc  -lpthread  >&5
configure:22825: $? = 0
configure:22835: result: yes
configure:22860: checking for port.h
configure:22860: clang++ -std=gnu++11 -c -Wall -g -O2  conftest.cpp >&5
conftest.cpp:73:10: fatal error: 'port.h' file not found
#include <port.h>
         ^~~~~~~~
1 error generated.
configure:22860: $? = 1
configure: failed program was:
| /* confdefs.h */
| #define PACKAGE_NAME "fswatch"
| #define PACKAGE_TARNAME "fswatch"
| #define PACKAGE_VERSION "1.17.1"
| #define PACKAGE_STRING "fswatch 1.17.1"
| #define PACKAGE_BUGREPORT "enrico.m.crisostomo@gmail.com"
| #define PACKAGE_URL "https://github.com/emcrisostomo/fswatch"
| #define PACKAGE "fswatch"
| #define VERSION "1.17.1"
| #define HAVE_STDIO_H 1
| #define HAVE_STDLIB_H 1
| #define HAVE_STRING_H 1
| #define HAVE_INTTYPES_H 1
| #define HAVE_STDINT_H 1
| #define HAVE_STRINGS_H 1
| #define HAVE_SYS_STAT_H 1
| #define HAVE_SYS_TYPES_H 1
| #define HAVE_UNISTD_H 1
| #define STDC_HEADERS 1
| #define HAVE_DLFCN_H 1
| #define LT_OBJDIR ".libs/"
| #define HAVE_CFPREFERENCESCOPYAPPVALUE 1
| #define HAVE_CFLOCALECOPYCURRENT 1
| #define HAVE_ICONV 1
| #define HAVE_CXX11 1
| #define HAVE_LIBPTHREAD 1
| #define HAVE_CSTDLIB 1
| #define HAVE_UNISTD_H 1
| #define HAVE_FCNTL_H 1
| #define HAVE_UNORDERED_MAP 1
| #define HAVE_UNORDERED_SET 1
| #define HAVE_GETOPT_H 1
| #define HAVE_MACOS_GE_10_5 1
| #define HAVE_MACOS_GE_10_7 1
| #define HAVE_MACOS_GE_10_9 1
| #define HAVE_MACOS_GE_10_10 1
| #define HAVE_CORESERVICES_CORESERVICES_H 1
| #define HAVE_FSEVENTS_FILE_EVENTS 1
| #define HAVE_FSEVENTS_FSEVENTSTREAMSETDISPATCHQUEUE 1
| #define HAVE_SYS_EVENT_H 1
| #define HAVE_DECL_KQUEUE 1
| #define HAVE_DECL_KEVENT 1
| #define HAVE_LIBC 1
| /* end confdefs.h.  */
| #include <stddef.h>
| #ifdef HAVE_STDIO_H
| # include <stdio.h>
| #endif
| #ifdef HAVE_STDLIB_H
| # include <stdlib.h>
| #endif
| #ifdef HAVE_STRING_H
| # include <string.h>
| #endif
| #ifdef HAVE_INTTYPES_H
| # include <inttypes.h>
| #endif
| #ifdef HAVE_STDINT_H
| # include <stdint.h>
| #endif
| #ifdef HAVE_STRINGS_H
| # include <strings.h>
| #endif
| #ifdef HAVE_SYS_TYPES_H
| # include <sys/types.h>
| #endif
| #ifdef HAVE_SYS_STAT_H
| # include <sys/stat.h>
| #endif
| #ifdef HAVE_UNISTD_H
| # include <unistd.h>
| #endif
| #include <port.h>
configure:22860: result: no
configure:22948: checking for sys/inotify.h
configure:22948: clang++ -std=gnu++11 -c -Wall -g -O2  conftest.cpp >&5
conftest.cpp:73:10: fatal error: 'sys/inotify.h' file not found
#include <sys/inotify.h>
         ^~~~~~~~~~~~~~~
1 error generated.
configure:22948: $? = 1
configure: failed program was:
| /* confdefs.h */
| #define PACKAGE_NAME "fswatch"
| #define PACKAGE_TARNAME "fswatch"
| #define PACKAGE_VERSION "1.17.1"
| #define PACKAGE_STRING "fswatch 1.17.1"
| #define PACKAGE_BUGREPORT "enrico.m.crisostomo@gmail.com"
| #define PACKAGE_URL "https://github.com/emcrisostomo/fswatch"
| #define PACKAGE "fswatch"
| #define VERSION "1.17.1"
| #define HAVE_STDIO_H 1
| #define HAVE_STDLIB_H 1
| #define HAVE_STRING_H 1
| #define HAVE_INTTYPES_H 1
| #define HAVE_STDINT_H 1
| #define HAVE_STRINGS_H 1
| #define HAVE_SYS_STAT_H 1
| #define HAVE_SYS_TYPES_H 1
| #define HAVE_UNISTD_H 1
| #define STDC_HEADERS 1
| #define HAVE_DLFCN_H 1
| #define LT_OBJDIR ".libs/"
| #define HAVE_CFPREFERENCESCOPYAPPVALUE 1
| #define HAVE_CFLOCALECOPYCURRENT 1
| #define HAVE_ICONV 1
| #define HAVE_CXX11 1
| #define HAVE_LIBPTHREAD 1
| #define HAVE_CSTDLIB 1
| #define HAVE_UNISTD_H 1
| #define HAVE_FCNTL_H 1
| #define HAVE_UNORDERED_MAP 1
| #define HAVE_UNORDERED_SET 1
| #define HAVE_GETOPT_H 1
| #define HAVE_MACOS_GE_10_5 1
| #define HAVE_MACOS_GE_10_7 1
| #define HAVE_MACOS_GE_10_9 1
| #define HAVE_MACOS_GE_10_10 1
| #define HAVE_CORESERVICES_CORESERVICES_H 1
| #define HAVE_FSEVENTS_FILE_EVENTS 1
| #define HAVE_FSEVENTS_FSEVENTSTREAMSETDISPATCHQUEUE 1
| #define HAVE_SYS_EVENT_H 1
| #define HAVE_DECL_KQUEUE 1
| #define HAVE_DECL_KEVENT 1
| #define HAVE_LIBC 1
| /* end confdefs.h.  */
| #include <stddef.h>
| #ifdef HAVE_STDIO_H
| # include <stdio.h>
| #endif
| #ifdef HAVE_STDLIB_H
| # include <stdlib.h>
| #endif
| #ifdef HAVE_STRING_H
| # include <string.h>
| #endif
| #ifdef HAVE_INTTYPES_H
| # include <inttypes.h>
| #endif
| #ifdef HAVE_STDINT_H
| # include <stdint.h>
| #endif
| #ifdef HAVE_STRINGS_H
| # include <strings.h>
| #endif
| #ifdef HAVE_SYS_TYPES_H
| # include <sys/types.h>
| #endif
| #ifdef HAVE_SYS_STAT_H
| # include <sys/stat.h>
| #endif
| #ifdef HAVE_UNISTD_H
| # include <unistd.h>
| #endif
| #include <sys/inotify.h>
configure:22948: result: no
configure:23077: checking for windows.h
configure:23077: clang++ -std=gnu++11 -c -Wall -g -O2  conftest.cpp >&5
conftest.cpp:73:10: fatal error: 'windows.h' file not found
#include <windows.h>
         ^~~~~~~~~~~
1 error generated.
configure:23077: $? = 1
configure: failed program was:
| /* confdefs.h */
| #define PACKAGE_NAME "fswatch"
| #define PACKAGE_TARNAME "fswatch"
| #define PACKAGE_VERSION "1.17.1"
| #define PACKAGE_STRING "fswatch 1.17.1"
| #define PACKAGE_BUGREPORT "enrico.m.crisostomo@gmail.com"
| #define PACKAGE_URL "https://github.com/emcrisostomo/fswatch"
| #define PACKAGE "fswatch"
| #define VERSION "1.17.1"
| #define HAVE_STDIO_H 1
| #define HAVE_STDLIB_H 1
| #define HAVE_STRING_H 1
| #define HAVE_INTTYPES_H 1
| #define HAVE_STDINT_H 1
| #define HAVE_STRINGS_H 1
| #define HAVE_SYS_STAT_H 1
| #define HAVE_SYS_TYPES_H 1
| #define HAVE_UNISTD_H 1
| #define STDC_HEADERS 1
| #define HAVE_DLFCN_H 1
| #define LT_OBJDIR ".libs/"
| #define HAVE_CFPREFERENCESCOPYAPPVALUE 1
| #define HAVE_CFLOCALECOPYCURRENT 1
| #define HAVE_ICONV 1
| #define HAVE_CXX11 1
| #define HAVE_LIBPTHREAD 1
| #define HAVE_CSTDLIB 1
| #define HAVE_UNISTD_H 1
| #define HAVE_FCNTL_H 1
| #define HAVE_UNORDERED_MAP 1
| #define HAVE_UNORDERED_SET 1
| #define HAVE_GETOPT_H 1
| #define HAVE_MACOS_GE_10_5 1
| #define HAVE_MACOS_GE_10_7 1
| #define HAVE_MACOS_GE_10_9 1
| #define HAVE_MACOS_GE_10_10 1
| #define HAVE_CORESERVICES_CORESERVICES_H 1
| #define HAVE_FSEVENTS_FILE_EVENTS 1
| #define HAVE_FSEVENTS_FSEVENTSTREAMSETDISPATCHQUEUE 1
| #define HAVE_SYS_EVENT_H 1
| #define HAVE_DECL_KQUEUE 1
| #define HAVE_DECL_KEVENT 1
| #define HAVE_LIBC 1
| /* end confdefs.h.  */
| #include <stddef.h>
| #ifdef HAVE_STDIO_H
| # include <stdio.h>
| #endif
| #ifdef HAVE_STDLIB_H
| # include <stdlib.h>
| #endif
| #ifdef HAVE_STRING_H
| # include <string.h>
| #endif
| #ifdef HAVE_INTTYPES_H
| # include <inttypes.h>
| #endif
| #ifdef HAVE_STDINT_H
| # include <stdint.h>
| #endif
| #ifdef HAVE_STRINGS_H
| # include <strings.h>
| #endif
| #ifdef HAVE_SYS_TYPES_H
| # include <sys/types.h>
| #endif
| #ifdef HAVE_SYS_STAT_H
| # include <sys/stat.h>
| #endif
| #ifdef HAVE_UNISTD_H
| # include <unistd.h>
| #endif
| #include <windows.h>
configure:23077: result: no
configure:23271: checking for mutex
configure:23271: clang++ -std=gnu++11 -c -Wall -g -O2  conftest.cpp >&5
configure:23271: $? = 0
configure:23271: result: yes
configure:23287: checking for atomic
configure:23287: clang++ -std=gnu++11 -c -Wall -g -O2  conftest.cpp >&5
configure:23287: $? = 0
configure:23287: result: yes
configure:23305: checking for _Bool
configure:23305: clang++ -std=gnu++11 -c -Wall -g -O2  conftest.cpp >&5
conftest.cpp:78:13: error: use of undeclared identifier '_Bool'
if (sizeof (_Bool))
            ^
1 error generated.
configure:23305: $? = 1
configure: failed program was:
| /* confdefs.h */
| #define PACKAGE_NAME "fswatch"
| #define PACKAGE_TARNAME "fswatch"
| #define PACKAGE_VERSION "1.17.1"
| #define PACKAGE_STRING "fswatch 1.17.1"
| #define PACKAGE_BUGREPORT "enrico.m.crisostomo@gmail.com"
| #define PACKAGE_URL "https://github.com/emcrisostomo/fswatch"
| #define PACKAGE "fswatch"
| #define VERSION "1.17.1"
| #define HAVE_STDIO_H 1
| #define HAVE_STDLIB_H 1
| #define HAVE_STRING_H 1
| #define HAVE_INTTYPES_H 1
| #define HAVE_STDINT_H 1
| #define HAVE_STRINGS_H 1
| #define HAVE_SYS_STAT_H 1
| #define HAVE_SYS_TYPES_H 1
| #define HAVE_UNISTD_H 1
| #define STDC_HEADERS 1
| #define HAVE_DLFCN_H 1
| #define LT_OBJDIR ".libs/"
| #define HAVE_CFPREFERENCESCOPYAPPVALUE 1
| #define HAVE_CFLOCALECOPYCURRENT 1
| #define HAVE_ICONV 1
| #define HAVE_CXX11 1
| #define HAVE_LIBPTHREAD 1
| #define HAVE_CSTDLIB 1
| #define HAVE_UNISTD_H 1
| #define HAVE_FCNTL_H 1
| #define HAVE_UNORDERED_MAP 1
| #define HAVE_UNORDERED_SET 1
| #define HAVE_GETOPT_H 1
| #define HAVE_MACOS_GE_10_5 1
| #define HAVE_MACOS_GE_10_7 1
| #define HAVE_MACOS_GE_10_9 1
| #define HAVE_MACOS_GE_10_10 1
| #define HAVE_CORESERVICES_CORESERVICES_H 1
| #define HAVE_FSEVENTS_FILE_EVENTS 1
| #define HAVE_FSEVENTS_FSEVENTSTREAMSETDISPATCHQUEUE 1
| #define HAVE_SYS_EVENT_H 1
| #define HAVE_DECL_KQUEUE 1
| #define HAVE_DECL_KEVENT 1
| #define HAVE_LIBC 1
| #define HAVE_CXX_MUTEX 1
| #define HAVE_CXX_ATOMIC 1
| /* end confdefs.h.  */
| #include <stddef.h>
| #ifdef HAVE_STDIO_H
| # include <stdio.h>
| #endif
| #ifdef HAVE_STDLIB_H
| # include <stdlib.h>
| #endif
| #ifdef HAVE_STRING_H
| # include <string.h>
| #endif
| #ifdef HAVE_INTTYPES_H
| # include <inttypes.h>
| #endif
| #ifdef HAVE_STDINT_H
| # include <stdint.h>
| #endif
| #ifdef HAVE_STRINGS_H
| # include <strings.h>
| #endif
| #ifdef HAVE_SYS_TYPES_H
| # include <sys/types.h>
| #endif
| #ifdef HAVE_SYS_STAT_H
| # include <sys/stat.h>
| #endif
| #ifdef HAVE_UNISTD_H
| # include <unistd.h>
| #endif
| int
| main (void)
| {
| if (sizeof (_Bool))
| 	 return 0;
|   ;
|   return 0;
| }
configure:23305: result: no
configure:23314: checking for stdbool.h that conforms to C99
configure:23430: clang++ -std=gnu++11 -c -Wall -g -O2  conftest.cpp >&5
conftest.cpp:132:25: warning: address of 's' will always evaluate to 'true' [-Wpointer-bool-conversion]
             bool ps = &s;
                  ~~    ^
conftest.cpp:145:40: warning: address of array 'o' will always evaluate to 'true' [-Wpointer-bool-conversion]
                                      ~^
conftest.cpp:145:35: warning: address of array 'n' will always evaluate to 'true' [-Wpointer-bool-conversion]
                                 ~^
conftest.cpp:145:30: warning: address of array 'm' will always evaluate to 'true' [-Wpointer-bool-conversion]
                            ~^
conftest.cpp:145:25: warning: address of array 'l' will always evaluate to 'true' [-Wpointer-bool-conversion]
                       ~^
conftest.cpp:144:73: warning: address of array 'k' will always evaluate to 'true' [-Wpointer-bool-conversion]
             return (!a + !b + !c + !d + !e + !f + !g + !h + !i + !j + !k
                                                                       ~^
conftest.cpp:144:68: warning: address of array 'j' will always evaluate to 'true' [-Wpointer-bool-conversion]
             return (!a + !b + !c + !d + !e + !f + !g + !h + !i + !j + !k
                                                                  ~^
conftest.cpp:144:63: warning: address of array 'i' will always evaluate to 'true' [-Wpointer-bool-conversion]
             return (!a + !b + !c + !d + !e + !f + !g + !h + !i + !j + !k
                                                             ~^
conftest.cpp:144:38: warning: address of array 'd' will always evaluate to 'true' [-Wpointer-bool-conversion]
             return (!a + !b + !c + !d + !e + !f + !g + !h + !i + !j + !k
                                    ~^
conftest.cpp:144:33: warning: address of array 'c' will always evaluate to 'true' [-Wpointer-bool-conversion]
             return (!a + !b + !c + !d + !e + !f + !g + !h + !i + !j + !k
                               ~^
conftest.cpp:144:28: warning: address of array 'b' will always evaluate to 'true' [-Wpointer-bool-conversion]
             return (!a + !b + !c + !d + !e + !f + !g + !h + !i + !j + !k
                          ~^
conftest.cpp:144:23: warning: address of array 'a' will always evaluate to 'true' [-Wpointer-bool-conversion]
             return (!a + !b + !c + !d + !e + !f + !g + !h + !i + !j + !k
                     ~^
12 warnings generated.
configure:23430: $? = 0
configure:23438: result: yes
configure:23441: checking for size_t
configure:23441: clang++ -std=gnu++11 -c -Wall -g -O2  conftest.cpp >&5
configure:23441: $? = 0
configure:23441: clang++ -std=gnu++11 -c -Wall -g -O2  conftest.cpp >&5
conftest.cpp:78:21: error: expected expression
if (sizeof ((size_t)))
                    ^
1 error generated.
configure:23441: $? = 1
configure: failed program was:
| /* confdefs.h */
| #define PACKAGE_NAME "fswatch"
| #define PACKAGE_TARNAME "fswatch"
| #define PACKAGE_VERSION "1.17.1"
| #define PACKAGE_STRING "fswatch 1.17.1"
| #define PACKAGE_BUGREPORT "enrico.m.crisostomo@gmail.com"
| #define PACKAGE_URL "https://github.com/emcrisostomo/fswatch"
| #define PACKAGE "fswatch"
| #define VERSION "1.17.1"
| #define HAVE_STDIO_H 1
| #define HAVE_STDLIB_H 1
| #define HAVE_STRING_H 1
| #define HAVE_INTTYPES_H 1
| #define HAVE_STDINT_H 1
| #define HAVE_STRINGS_H 1
| #define HAVE_SYS_STAT_H 1
| #define HAVE_SYS_TYPES_H 1
| #define HAVE_UNISTD_H 1
| #define STDC_HEADERS 1
| #define HAVE_DLFCN_H 1
| #define LT_OBJDIR ".libs/"
| #define HAVE_CFPREFERENCESCOPYAPPVALUE 1
| #define HAVE_CFLOCALECOPYCURRENT 1
| #define HAVE_ICONV 1
| #define HAVE_CXX11 1
| #define HAVE_LIBPTHREAD 1
| #define HAVE_CSTDLIB 1
| #define HAVE_UNISTD_H 1
| #define HAVE_FCNTL_H 1
| #define HAVE_UNORDERED_MAP 1
| #define HAVE_UNORDERED_SET 1
| #define HAVE_GETOPT_H 1
| #define HAVE_MACOS_GE_10_5 1
| #define HAVE_MACOS_GE_10_7 1
| #define HAVE_MACOS_GE_10_9 1
| #define HAVE_MACOS_GE_10_10 1
| #define HAVE_CORESERVICES_CORESERVICES_H 1
| #define HAVE_FSEVENTS_FILE_EVENTS 1
| #define HAVE_FSEVENTS_FSEVENTSTREAMSETDISPATCHQUEUE 1
| #define HAVE_SYS_EVENT_H 1
| #define HAVE_DECL_KQUEUE 1
| #define HAVE_DECL_KEVENT 1
| #define HAVE_LIBC 1
| #define HAVE_CXX_MUTEX 1
| #define HAVE_CXX_ATOMIC 1
| /* end confdefs.h.  */
| #include <stddef.h>
| #ifdef HAVE_STDIO_H
| # include <stdio.h>
| #endif
| #ifdef HAVE_STDLIB_H
| # include <stdlib.h>
| #endif
| #ifdef HAVE_STRING_H
| # include <string.h>
| #endif
| #ifdef HAVE_INTTYPES_H
| # include <inttypes.h>
| #endif
| #ifdef HAVE_STDINT_H
| # include <stdint.h>
| #endif
| #ifdef HAVE_STRINGS_H
| # include <strings.h>
| #endif
| #ifdef HAVE_SYS_TYPES_H
| # include <sys/types.h>
| #endif
| #ifdef HAVE_SYS_STAT_H
| # include <sys/stat.h>
| #endif
| #ifdef HAVE_UNISTD_H
| # include <unistd.h>
| #endif
| int
| main (void)
| {
| if (sizeof ((size_t)))
| 	    return 0;
|   ;
|   return 0;
| }
configure:23441: result: yes
configure:23451: checking for ssize_t
configure:23451: clang++ -std=gnu++11 -c -Wall -g -O2  conftest.cpp >&5
configure:23451: $? = 0
configure:23451: clang++ -std=gnu++11 -c -Wall -g -O2  conftest.cpp >&5
conftest.cpp:78:22: error: expected expression
if (sizeof ((ssize_t)))
                     ^
1 error generated.
configure:23451: $? = 1
configure: failed program was:
| /* confdefs.h */
| #define PACKAGE_NAME "fswatch"
| #define PACKAGE_TARNAME "fswatch"
| #define PACKAGE_VERSION "1.17.1"
| #define PACKAGE_STRING "fswatch 1.17.1"
| #define PACKAGE_BUGREPORT "enrico.m.crisostomo@gmail.com"
| #define PACKAGE_URL "https://github.com/emcrisostomo/fswatch"
| #define PACKAGE "fswatch"
| #define VERSION "1.17.1"
| #define HAVE_STDIO_H 1
| #define HAVE_STDLIB_H 1
| #define HAVE_STRING_H 1
| #define HAVE_INTTYPES_H 1
| #define HAVE_STDINT_H 1
| #define HAVE_STRINGS_H 1
| #define HAVE_SYS_STAT_H 1
| #define HAVE_SYS_TYPES_H 1
| #define HAVE_UNISTD_H 1
| #define STDC_HEADERS 1
| #define HAVE_DLFCN_H 1
| #define LT_OBJDIR ".libs/"
| #define HAVE_CFPREFERENCESCOPYAPPVALUE 1
| #define HAVE_CFLOCALECOPYCURRENT 1
| #define HAVE_ICONV 1
| #define HAVE_CXX11 1
| #define HAVE_LIBPTHREAD 1
| #define HAVE_CSTDLIB 1
| #define HAVE_UNISTD_H 1
| #define HAVE_FCNTL_H 1
| #define HAVE_UNORDERED_MAP 1
| #define HAVE_UNORDERED_SET 1
| #define HAVE_GETOPT_H 1
| #define HAVE_MACOS_GE_10_5 1
| #define HAVE_MACOS_GE_10_7 1
| #define HAVE_MACOS_GE_10_9 1
| #define HAVE_MACOS_GE_10_10 1
| #define HAVE_CORESERVICES_CORESERVICES_H 1
| #define HAVE_FSEVENTS_FILE_EVENTS 1
| #define HAVE_FSEVENTS_FSEVENTSTREAMSETDISPATCHQUEUE 1
| #define HAVE_SYS_EVENT_H 1
| #define HAVE_DECL_KQUEUE 1
| #define HAVE_DECL_KEVENT 1
| #define HAVE_LIBC 1
| #define HAVE_CXX_MUTEX 1
| #define HAVE_CXX_ATOMIC 1
| /* end confdefs.h.  */
| #include <stddef.h>
| #ifdef HAVE_STDIO_H
| # include <stdio.h>
| #endif
| #ifdef HAVE_STDLIB_H
| # include <stdlib.h>
| #endif
| #ifdef HAVE_STRING_H
| # include <string.h>
| #endif
| #ifdef HAVE_INTTYPES_H
| # include <inttypes.h>
| #endif
| #ifdef HAVE_STDINT_H
| # include <stdint.h>
| #endif
| #ifdef HAVE_STRINGS_H
| # include <strings.h>
| #endif
| #ifdef HAVE_SYS_TYPES_H
| # include <sys/types.h>
| #endif
| #ifdef HAVE_SYS_STAT_H
| # include <sys/stat.h>
| #endif
| #ifdef HAVE_UNISTD_H
| # include <unistd.h>
| #endif
| int
| main (void)
| {
| if (sizeof ((ssize_t)))
| 	    return 0;
|   ;
|   return 0;
| }
configure:23451: result: yes
configure:23461: checking for uint32_t
configure:23461: clang++ -std=gnu++11 -c -Wall -g -O2  conftest.cpp >&5
configure:23461: $? = 0
configure:23461: result: yes
configure:23473: checking for mode_t
configure:23473: clang++ -std=gnu++11 -c -Wall -g -O2  conftest.cpp >&5
configure:23473: $? = 0
configure:23473: clang++ -std=gnu++11 -c -Wall -g -O2  conftest.cpp >&5
conftest.cpp:78:21: error: expected expression
if (sizeof ((mode_t)))
                    ^
1 error generated.
configure:23473: $? = 1
configure: failed program was:
| /* confdefs.h */
| #define PACKAGE_NAME "fswatch"
| #define PACKAGE_TARNAME "fswatch"
| #define PACKAGE_VERSION "1.17.1"
| #define PACKAGE_STRING "fswatch 1.17.1"
| #define PACKAGE_BUGREPORT "enrico.m.crisostomo@gmail.com"
| #define PACKAGE_URL "https://github.com/emcrisostomo/fswatch"
| #define PACKAGE "fswatch"
| #define VERSION "1.17.1"
| #define HAVE_STDIO_H 1
| #define HAVE_STDLIB_H 1
| #define HAVE_STRING_H 1
| #define HAVE_INTTYPES_H 1
| #define HAVE_STDINT_H 1
| #define HAVE_STRINGS_H 1
| #define HAVE_SYS_STAT_H 1
| #define HAVE_SYS_TYPES_H 1
| #define HAVE_UNISTD_H 1
| #define STDC_HEADERS 1
| #define HAVE_DLFCN_H 1
| #define LT_OBJDIR ".libs/"
| #define HAVE_CFPREFERENCESCOPYAPPVALUE 1
| #define HAVE_CFLOCALECOPYCURRENT 1
| #define HAVE_ICONV 1
| #define HAVE_CXX11 1
| #define HAVE_LIBPTHREAD 1
| #define HAVE_CSTDLIB 1
| #define HAVE_UNISTD_H 1
| #define HAVE_FCNTL_H 1
| #define HAVE_UNORDERED_MAP 1
| #define HAVE_UNORDERED_SET 1
| #define HAVE_GETOPT_H 1
| #define HAVE_MACOS_GE_10_5 1
| #define HAVE_MACOS_GE_10_7 1
| #define HAVE_MACOS_GE_10_9 1
| #define HAVE_MACOS_GE_10_10 1
| #define HAVE_CORESERVICES_CORESERVICES_H 1
| #define HAVE_FSEVENTS_FILE_EVENTS 1
| #define HAVE_FSEVENTS_FSEVENTSTREAMSETDISPATCHQUEUE 1
| #define HAVE_SYS_EVENT_H 1
| #define HAVE_DECL_KQUEUE 1
| #define HAVE_DECL_KEVENT 1
| #define HAVE_LIBC 1
| #define HAVE_CXX_MUTEX 1
| #define HAVE_CXX_ATOMIC 1
| /* end confdefs.h.  */
| #include <stddef.h>
| #ifdef HAVE_STDIO_H
| # include <stdio.h>
| #endif
| #ifdef HAVE_STDLIB_H
| # include <stdlib.h>
| #endif
| #ifdef HAVE_STRING_H
| # include <string.h>
| #endif
| #ifdef HAVE_INTTYPES_H
| # include <inttypes.h>
| #endif
| #ifdef HAVE_STDINT_H
| # include <stdint.h>
| #endif
| #ifdef HAVE_STRINGS_H
| # include <strings.h>
| #endif
| #ifdef HAVE_SYS_TYPES_H
| # include <sys/types.h>
| #endif
| #ifdef HAVE_SYS_STAT_H
| # include <sys/stat.h>
| #endif
| #ifdef HAVE_UNISTD_H
| # include <unistd.h>
| #endif
| int
| main (void)
| {
| if (sizeof ((mode_t)))
| 	    return 0;
|   ;
|   return 0;
| }
configure:23473: result: yes
configure:23484: checking for struct stat.st_mtime
configure:23484: clang++ -std=gnu++11 -c -Wall -g -O2  conftest.cpp >&5
configure:23484: $? = 0
configure:23484: result: yes
configure:23498: checking for struct stat.st_mtimespec
configure:23498: clang++ -std=gnu++11 -c -Wall -g -O2  conftest.cpp >&5
conftest.cpp:84:5: error: value of type 'struct timespec' is not contextually convertible to 'bool'
if (ac_aggr.st_mtimespec)
    ^~~~~~~~~~~~~~~~~~~~
1 error generated.
configure:23498: $? = 1
configure: failed program was:
| /* confdefs.h */
| #define PACKAGE_NAME "fswatch"
| #define PACKAGE_TARNAME "fswatch"
| #define PACKAGE_VERSION "1.17.1"
| #define PACKAGE_STRING "fswatch 1.17.1"
| #define PACKAGE_BUGREPORT "enrico.m.crisostomo@gmail.com"
| #define PACKAGE_URL "https://github.com/emcrisostomo/fswatch"
| #define PACKAGE "fswatch"
| #define VERSION "1.17.1"
| #define HAVE_STDIO_H 1
| #define HAVE_STDLIB_H 1
| #define HAVE_STRING_H 1
| #define HAVE_INTTYPES_H 1
| #define HAVE_STDINT_H 1
| #define HAVE_STRINGS_H 1
| #define HAVE_SYS_STAT_H 1
| #define HAVE_SYS_TYPES_H 1
| #define HAVE_UNISTD_H 1
| #define STDC_HEADERS 1
| #define HAVE_DLFCN_H 1
| #define LT_OBJDIR ".libs/"
| #define HAVE_CFPREFERENCESCOPYAPPVALUE 1
| #define HAVE_CFLOCALECOPYCURRENT 1
| #define HAVE_ICONV 1
| #define HAVE_CXX11 1
| #define HAVE_LIBPTHREAD 1
| #define HAVE_CSTDLIB 1
| #define HAVE_UNISTD_H 1
| #define HAVE_FCNTL_H 1
| #define HAVE_UNORDERED_MAP 1
| #define HAVE_UNORDERED_SET 1
| #define HAVE_GETOPT_H 1
| #define HAVE_MACOS_GE_10_5 1
| #define HAVE_MACOS_GE_10_7 1
| #define HAVE_MACOS_GE_10_9 1
| #define HAVE_MACOS_GE_10_10 1
| #define HAVE_CORESERVICES_CORESERVICES_H 1
| #define HAVE_FSEVENTS_FILE_EVENTS 1
| #define HAVE_FSEVENTS_FSEVENTSTREAMSETDISPATCHQUEUE 1
| #define HAVE_SYS_EVENT_H 1
| #define HAVE_DECL_KQUEUE 1
| #define HAVE_DECL_KEVENT 1
| #define HAVE_LIBC 1
| #define HAVE_CXX_MUTEX 1
| #define HAVE_CXX_ATOMIC 1
| #define HAVE_STRUCT_STAT_ST_MTIME 1
| /* end confdefs.h.  */
| 
|     #include <stddef.h>
| #ifdef HAVE_STDIO_H
| # include <stdio.h>
| #endif
| #ifdef HAVE_STDLIB_H
| # include <stdlib.h>
| #endif
| #ifdef HAVE_STRING_H
| # include <string.h>
| #endif
| #ifdef HAVE_INTTYPES_H
| # include <inttypes.h>
| #endif
| #ifdef HAVE_STDINT_H
| # include <stdint.h>
| #endif
| #ifdef HAVE_STRINGS_H
| # include <strings.h>
| #endif
| #ifdef HAVE_SYS_TYPES_H
| # include <sys/types.h>
| #endif
| #ifdef HAVE_SYS_STAT_H
| # include <sys/stat.h>
| #endif
| #ifdef HAVE_UNISTD_H
| # include <unistd.h>
| #endif
|     #include <sys/stat.h>
| 
| 
| int
| main (void)
| {
| static struct stat ac_aggr;
| if (ac_aggr.st_mtimespec)
| return 0;
|   ;
|   return 0;
| }
configure:23498: clang++ -std=gnu++11 -c -Wall -g -O2  conftest.cpp >&5
configure:23498: $? = 0
configure:23498: result: yes
configure:23513: checking for std::unique_ptr<std::string>
configure:23513: clang++ -std=gnu++11 -c -Wall -g -O2  conftest.cpp >&5
configure:23513: $? = 0
configure:23513: clang++ -std=gnu++11 -c -Wall -g -O2  conftest.cpp >&5
conftest.cpp:54:43: error: expected expression
if (sizeof ((std::unique_ptr<std::string>)))
                                          ^
1 error generated.
configure:23513: $? = 1
configure: failed program was:
| /* confdefs.h */
| #define PACKAGE_NAME "fswatch"
| #define PACKAGE_TARNAME "fswatch"
| #define PACKAGE_VERSION "1.17.1"
| #define PACKAGE_STRING "fswatch 1.17.1"
| #define PACKAGE_BUGREPORT "enrico.m.crisostomo@gmail.com"
| #define PACKAGE_URL "https://github.com/emcrisostomo/fswatch"
| #define PACKAGE "fswatch"
| #define VERSION "1.17.1"
| #define HAVE_STDIO_H 1
| #define HAVE_STDLIB_H 1
| #define HAVE_STRING_H 1
| #define HAVE_INTTYPES_H 1
| #define HAVE_STDINT_H 1
| #define HAVE_STRINGS_H 1
| #define HAVE_SYS_STAT_H 1
| #define HAVE_SYS_TYPES_H 1
| #define HAVE_UNISTD_H 1
| #define STDC_HEADERS 1
| #define HAVE_DLFCN_H 1
| #define LT_OBJDIR ".libs/"
| #define HAVE_CFPREFERENCESCOPYAPPVALUE 1
| #define HAVE_CFLOCALECOPYCURRENT 1
| #define HAVE_ICONV 1
| #define HAVE_CXX11 1
| #define HAVE_LIBPTHREAD 1
| #define HAVE_CSTDLIB 1
| #define HAVE_UNISTD_H 1
| #define HAVE_FCNTL_H 1
| #define HAVE_UNORDERED_MAP 1
| #define HAVE_UNORDERED_SET 1
| #define HAVE_GETOPT_H 1
| #define HAVE_MACOS_GE_10_5 1
| #define HAVE_MACOS_GE_10_7 1
| #define HAVE_MACOS_GE_10_9 1
| #define HAVE_MACOS_GE_10_10 1
| #define HAVE_CORESERVICES_CORESERVICES_H 1
| #define HAVE_FSEVENTS_FILE_EVENTS 1
| #define HAVE_FSEVENTS_FSEVENTSTREAMSETDISPATCHQUEUE 1
| #define HAVE_SYS_EVENT_H 1
| #define HAVE_DECL_KQUEUE 1
| #define HAVE_DECL_KEVENT 1
| #define HAVE_LIBC 1
| #define HAVE_CXX_MUTEX 1
| #define HAVE_CXX_ATOMIC 1
| #define HAVE_STRUCT_STAT_ST_MTIME 1
| #define HAVE_STRUCT_STAT_ST_MTIMESPEC 1
| /* end confdefs.h.  */
| #include <memory>
| 
| int
| main (void)
| {
| if (sizeof ((std::unique_ptr<std::string>)))
| 	    return 0;
|   ;
|   return 0;
| }
configure:23513: result: yes
configure:23524: checking whether lstat correctly handles trailing slash
configure:23557: clang++ -std=gnu++11 -o conftest -Wall -g -O2   conftest.cpp -lc -lpthread  >&5
configure:23557: $? = 0
configure:23557: ./conftest
configure:23557: $? = 1
configure: program exited with status 1
configure: failed program was:
| /* confdefs.h */
| #define PACKAGE_NAME "fswatch"
| #define PACKAGE_TARNAME "fswatch"
| #define PACKAGE_VERSION "1.17.1"
| #define PACKAGE_STRING "fswatch 1.17.1"
| #define PACKAGE_BUGREPORT "enrico.m.crisostomo@gmail.com"
| #define PACKAGE_URL "https://github.com/emcrisostomo/fswatch"
| #define PACKAGE "fswatch"
| #define VERSION "1.17.1"
| #define HAVE_STDIO_H 1
| #define HAVE_STDLIB_H 1
| #define HAVE_STRING_H 1
| #define HAVE_INTTYPES_H 1
| #define HAVE_STDINT_H 1
| #define HAVE_STRINGS_H 1
| #define HAVE_SYS_STAT_H 1
| #define HAVE_SYS_TYPES_H 1
| #define HAVE_UNISTD_H 1
| #define STDC_HEADERS 1
| #define HAVE_DLFCN_H 1
| #define LT_OBJDIR ".libs/"
| #define HAVE_CFPREFERENCESCOPYAPPVALUE 1
| #define HAVE_CFLOCALECOPYCURRENT 1
| #define HAVE_ICONV 1
| #define HAVE_CXX11 1
| #define HAVE_LIBPTHREAD 1
| #define HAVE_CSTDLIB 1
| #define HAVE_UNISTD_H 1
| #define HAVE_FCNTL_H 1
| #define HAVE_UNORDERED_MAP 1
| #define HAVE_UNORDERED_SET 1
| #define HAVE_GETOPT_H 1
| #define HAVE_MACOS_GE_10_5 1
| #define HAVE_MACOS_GE_10_7 1
| #define HAVE_MACOS_GE_10_9 1
| #define HAVE_MACOS_GE_10_10 1
| #define HAVE_CORESERVICES_CORESERVICES_H 1
| #define HAVE_FSEVENTS_FILE_EVENTS 1
| #define HAVE_FSEVENTS_FSEVENTSTREAMSETDISPATCHQUEUE 1
| #define HAVE_SYS_EVENT_H 1
| #define HAVE_DECL_KQUEUE 1
| #define HAVE_DECL_KEVENT 1
| #define HAVE_LIBC 1
| #define HAVE_CXX_MUTEX 1
| #define HAVE_CXX_ATOMIC 1
| #define HAVE_STRUCT_STAT_ST_MTIME 1
| #define HAVE_STRUCT_STAT_ST_MTIMESPEC 1
| #define HAVE_CXX_UNIQUE_PTR 1
| /* end confdefs.h.  */
| #include <stddef.h>
| #ifdef HAVE_STDIO_H
| # include <stdio.h>
| #endif
| #ifdef HAVE_STDLIB_H
| # include <stdlib.h>
| #endif
| #ifdef HAVE_STRING_H
| # include <string.h>
| #endif
| #ifdef HAVE_INTTYPES_H
| # include <inttypes.h>
| #endif
| #ifdef HAVE_STDINT_H
| # include <stdint.h>
| #endif
| #ifdef HAVE_STRINGS_H
| # include <strings.h>
| #endif
| #ifdef HAVE_SYS_TYPES_H
| # include <sys/types.h>
| #endif
| #ifdef HAVE_SYS_STAT_H
| # include <sys/stat.h>
| #endif
| #ifdef HAVE_UNISTD_H
| # include <unistd.h>
| #endif
| int
| main (void)
| {
| struct stat sbuf;
|      /* Linux will dereference the symlink and fail, as required by POSIX.
| 	That is better in the sense that it means we will not
| 	have to compile and use the lstat wrapper.  */
|      return lstat ("conftest.sym/", &sbuf) == 0;
|   ;
|   return 0;
| }
configure:23575: result: no
configure:23595: checking for modf
configure:23595: clang++ -std=gnu++11 -o conftest -Wall -g -O2   conftest.cpp -lc -lpthread  >&5
configure:23595: $? = 0
configure:23595: result: yes
configure:23608: checking for select
configure:23608: clang++ -std=gnu++11 -o conftest -Wall -g -O2   conftest.cpp -lc -lpthread  >&5
configure:23608: $? = 0
configure:23608: result: yes
configure:23618: checking for working strtod
configure:23661: clang++ -std=gnu++11 -o conftest -Wall -g -O2   conftest.cpp -lc -lpthread  >&5
conftest.cpp:89:20: warning: ISO C++11 does not allow conversion from string literal to 'char *' [-Wwritable-strings]
    char *string = " +69";
                   ^
conftest.cpp:100:20: warning: ISO C++11 does not allow conversion from string literal to 'char *' [-Wwritable-strings]
    char *string = "NaN";
                   ^
2 warnings generated.
configure:23661: $? = 0
configure:23661: ./conftest
configure:23661: $? = 0
configure:23672: result: yes
configure:23737: checking for atexit
configure:23737: clang++ -std=gnu++11 -o conftest -Wall -g -O2   conftest.cpp -lc -lpthread  >&5
configure:23737: $? = 0
configure:23737: result: yes
configure:23750: checking for setlocale
configure:23750: clang++ -std=gnu++11 -o conftest -Wall -g -O2   conftest.cpp -lc -lpthread  >&5
configure:23750: $? = 0
configure:23750: result: yes
configure:23766: checking for realpath
configure:23766: clang++ -std=gnu++11 -o conftest -Wall -g -O2   conftest.cpp -lc -lpthread  >&5
configure:23766: $? = 0
configure:23766: result: yes
configure:23804: checking for thread_local storage specifier
configure:23831: clang++ -std=gnu++11 -c -Wall -g -O2  conftest.cpp >&5
conftest.cpp:57:27: warning: using directive refers to implicitly-defined namespace 'std'
          using namespace std;
                          ^
conftest.cpp:58:35: warning: unused variable 'x' [-Wunused-variable]
          static thread_local int x;
                                  ^
2 warnings generated.
configure:23831: $? = 0
configure:23846: result: yes
configure:23867: checking for getopt_long
configure:23867: clang++ -std=gnu++11 -o conftest -Wall -g -O2   conftest.cpp -lc -lpthread  >&5
configure:23867: $? = 0
configure:23867: result: yes
configure:23880: checking for git
configure:23903: found /usr/bin/git
configure:23915: result: /usr/bin/git
configure:23936: checking for current git branch
configure:23945: result: 
configure:23947: WARNING: An error occurred while invoking git
configure:23976: checking for GNU date
configure:23990: result: no
configure:23992: checking for BSD date
configure:24006: result: yes
configure:24008: checking for date type
configure:24025: result: bsd
configure:24067: checking whether BSD date supports -r
configure:24081: result: yes
configure:24088: checking whether BSD date supports -v
configure:24102: result: yes
configure:24238: checking that generated files are newer than configure
configure:24244: result: done
configure:24315: creating ./config.status

## ---------------------- ##
## Running config.status. ##
## ---------------------- ##

This file was extended by fswatch config.status 1.17.1, which was
generated by GNU Autoconf 2.71.  Invocation command line was

  CONFIG_FILES    = 
  CONFIG_HEADERS  = 
  CONFIG_LINKS    = 
  CONFIG_COMMANDS = 
  $ ./config.status 

on tyson.lan

config.status:1262: creating Makefile
config.status:1262: creating libfswatch/Makefile
config.status:1262: creating libfswatch/doc/doxygen/Makefile
config.status:1262: creating libfswatch/src/Makefile
config.status:1262: creating libfswatch/src/libfswatch.pc
config.status:1262: creating fswatch/Makefile
config.status:1262: creating fswatch/src/Makefile
config.status:1262: creating fswatch/doc/Makefile
config.status:1262: creating po/Makefile.in
config.status:1262: creating man/fswatch.7
config.status:1262: creating libfswatch/libfswatch_config.h
config.status:1443: libfswatch/libfswatch_config.h is unchanged
config.status:1491: executing depfiles commands
config.status:1568: cd libfswatch/src       && sed -e '/# am--include-marker/d' Makefile         | make -f - am--depfiles
make: Nothing to be done for `am--depfiles'.
config.status:1573: $? = 0
config.status:1568: cd fswatch/src       && sed -e '/# am--include-marker/d' Makefile         | make -f - am--depfiles
make: Nothing to be done for `am--depfiles'.
config.status:1573: $? = 0
config.status:1491: executing libtool commands
config.status:1491: executing po-directories commands

## ---------------- ##
## Cache variables. ##
## ---------------- ##

ac_cv_build=x86_64-apple-darwin21.5.0
ac_cv_c_compiler_gnu=yes
ac_cv_c_uint32_t=yes
ac_cv_cxx_compiler_gnu=yes
ac_cv_cxx_undeclared_builtin_options='none needed'
ac_cv_cxxflags_warn_all=-Wall
ac_cv_env_CCC_set=
ac_cv_env_CCC_value=
ac_cv_env_CC_set=
ac_cv_env_CC_value=
ac_cv_env_CFLAGS_set=
ac_cv_env_CFLAGS_value=
ac_cv_env_CPPFLAGS_set=
ac_cv_env_CPPFLAGS_value=
ac_cv_env_CXXCPP_set=
ac_cv_env_CXXCPP_value=
ac_cv_env_CXXFLAGS_set=
ac_cv_env_CXXFLAGS_value=
ac_cv_env_CXX_set=
ac_cv_env_CXX_value=
ac_cv_env_DOXYGEN_set=
ac_cv_env_DOXYGEN_value=
ac_cv_env_GIT_set=
ac_cv_env_GIT_value=
ac_cv_env_LDFLAGS_set=
ac_cv_env_LDFLAGS_value=
ac_cv_env_LIBS_set=
ac_cv_env_LIBS_value=
ac_cv_env_LT_SYS_LIBRARY_PATH_set=
ac_cv_env_LT_SYS_LIBRARY_PATH_value=
ac_cv_env_MAKEINFO_PROG_set=
ac_cv_env_MAKEINFO_PROG_value=
ac_cv_env_build_alias_set=
ac_cv_env_build_alias_value=
ac_cv_env_host_alias_set=
ac_cv_env_host_alias_value=
ac_cv_env_target_alias_set=
ac_cv_env_target_alias_value=
ac_cv_func_atexit=yes
ac_cv_func_getopt_long=yes
ac_cv_func_lstat_dereferences_slashed_symlink=no
ac_cv_func_modf=yes
ac_cv_func_realpath=yes
ac_cv_func_select=yes
ac_cv_func_setlocale=yes
ac_cv_func_strtod=yes
ac_cv_have_decl_kevent=yes
ac_cv_have_decl_kqueue=yes
ac_cv_header_CoreServices_CoreServices_h=yes
ac_cv_header_atomic=yes
ac_cv_header_cstdlib=yes
ac_cv_header_dlfcn_h=yes
ac_cv_header_fcntl_h=yes
ac_cv_header_getopt_h=yes
ac_cv_header_inttypes_h=yes
ac_cv_header_mutex=yes
ac_cv_header_port_h=no
ac_cv_header_stdbool_h=yes
ac_cv_header_stdint_h=yes
ac_cv_header_stdio_h=yes
ac_cv_header_stdlib_h=yes
ac_cv_header_string_h=yes
ac_cv_header_strings_h=yes
ac_cv_header_sys_event_h=yes
ac_cv_header_sys_inotify_h=no
ac_cv_header_sys_stat_h=yes
ac_cv_header_sys_types_h=yes
ac_cv_header_unistd_h=yes
ac_cv_header_unordered_map=yes
ac_cv_header_unordered_set=yes
ac_cv_header_windows_h=no
ac_cv_host=x86_64-apple-darwin21.5.0
ac_cv_lib_c_kqueue=yes
ac_cv_lib_pthread_pthread_create=yes
ac_cv_member_struct_stat_st_mtime=yes
ac_cv_member_struct_stat_st_mtimespec=yes
ac_cv_objext=o
ac_cv_path_EGREP='/usr/bin/grep -E'
ac_cv_path_FGREP='/usr/bin/grep -F'
ac_cv_path_GIT=/usr/bin/git
ac_cv_path_GMSGFMT=:
ac_cv_path_GREP=/usr/bin/grep
ac_cv_path_MAKEINFO_PROG=/usr/bin/makeinfo
ac_cv_path_MSGFMT=:
ac_cv_path_MSGMERGE=:
ac_cv_path_SED=/usr/bin/sed
ac_cv_path_XGETTEXT=:
ac_cv_path_install='/usr/bin/install -c'
ac_cv_path_lt_DD=/bin/dd
ac_cv_prog_AWK=awk
ac_cv_prog_CXXCPP='clang++ -E'
ac_cv_prog_ac_ct_AR=ar
ac_cv_prog_ac_ct_CC=gcc
ac_cv_prog_ac_ct_CXX=clang++
ac_cv_prog_ac_ct_DSYMUTIL=dsymutil
ac_cv_prog_ac_ct_FILECMD=file
ac_cv_prog_ac_ct_LIPO=lipo
ac_cv_prog_ac_ct_NMEDIT=nmedit
ac_cv_prog_ac_ct_OBJDUMP=objdump
ac_cv_prog_ac_ct_OTOOL=otool
ac_cv_prog_ac_ct_RANLIB=ranlib
ac_cv_prog_ac_ct_STRIP=strip
ac_cv_prog_cc_c11=
ac_cv_prog_cc_g=yes
ac_cv_prog_cc_stdc=
ac_cv_prog_cxx_11=no
ac_cv_prog_cxx_g=yes
ac_cv_prog_cxx_stdcxx=
ac_cv_prog_make_make_set=yes
ac_cv_target=x86_64-apple-darwin21.5.0
ac_cv_type__Bool=no
ac_cv_type_mode_t=yes
ac_cv_type_size_t=yes
ac_cv_type_ssize_t=yes
ac_cv_type_std__unique_ptr_std__string_=yes
acl_cv_hardcode_direct=no
acl_cv_hardcode_libdir_flag_spec=
acl_cv_hardcode_libdir_separator=
acl_cv_hardcode_minus_L=no
acl_cv_libext=a
acl_cv_libname_spec='lib$name'
acl_cv_library_names_spec='$libname$shrext'
acl_cv_path_LD=/Library/Developer/CommandLineTools/usr/bin/ld
acl_cv_prog_gnu_ld=no
acl_cv_rpath=done
acl_cv_shlibext=dylib
acl_cv_wl=-Wl,
am_cv_CC_dependencies_compiler_type=gcc3
am_cv_CXX_dependencies_compiler_type=gcc3
am_cv_ar_interface=ar
am_cv_func_iconv=yes
am_cv_func_iconv_works=yes
am_cv_lib_iconv=yes
am_cv_make_support_nested_variables=yes
am_cv_prog_cc_c_o=yes
ax_cv_cxx_compile_cxx11=no
ax_cv_cxx_compile_cxx11__std_gnupp11=yes
ax_cv_cxx_compiler_vendor=clang
ax_cv_cxx_compiler_version=14.0.0
ax_cv_cxx_have_thread_local=yes
ax_cv_fsevents_have_file_events=yes
ax_cv_fsevents_have_fseventstreamsetdispatchqueue=yes
ax_cv_prog_date_bsd=yes
ax_cv_prog_date_bsd_adjust=yes
ax_cv_prog_date_bsd_date=yes
ax_cv_prog_date_gnu=no
ax_cv_prog_date_type=bsd
gt_cv_func_CFLocaleCopyCurrent=yes
gt_cv_func_CFPreferencesCopyAppValue=yes
gt_cv_func_gnugettext1_libc=no
gt_cv_func_gnugettext1_libintl=no
lt_cv_apple_cc_single_mod=yes
lt_cv_ar_at_file=no
lt_cv_deplibs_check_method=pass_all
lt_cv_file_magic_cmd='$MAGIC_CMD'
lt_cv_file_magic_test_file=
lt_cv_ld_exported_symbols_list=yes
lt_cv_ld_force_load=yes
lt_cv_ld_reload_flag=-r
lt_cv_nm_interface='BSD nm'
lt_cv_objdir=.libs
lt_cv_path_LD=/Library/Developer/CommandLineTools/usr/bin/ld
lt_cv_path_LDCXX=/Library/Developer/CommandLineTools/usr/bin/ld
lt_cv_path_NM='/usr/bin/nm -B'
lt_cv_path_mainfest_tool=no
lt_cv_prog_compiler_c_o=yes
lt_cv_prog_compiler_c_o_CXX=yes
lt_cv_prog_compiler_pic='-fno-common -DPIC'
lt_cv_prog_compiler_pic_CXX='-fno-common -DPIC'
lt_cv_prog_compiler_pic_works=yes
lt_cv_prog_compiler_pic_works_CXX=yes
lt_cv_prog_compiler_rtti_exceptions=yes
lt_cv_prog_compiler_static_works=no
lt_cv_prog_compiler_static_works_CXX=no
lt_cv_prog_gnu_ld=no
lt_cv_prog_gnu_ldcxx=no
lt_cv_sharedlib_from_linklib_cmd='printf %s\n'
lt_cv_sys_global_symbol_pipe='/usr/bin/sed -n -e '\''s/^.*[	 ]\([ABCDGIRSTW][ABCDGIRSTW]*\)[	 ][	 ]*_\([_A-Za-z][_A-Za-z0-9]*\)$/\1 _\2 \2/p'\'' | /usr/bin/sed '\''/ __gnu_lto/d'\'''
lt_cv_sys_global_symbol_to_c_name_address='/usr/bin/sed -n -e '\''s/^: \(.*\) .*$/  {"\1", (void *) 0},/p'\'' -e '\''s/^[ABCDGIRSTW][ABCDGIRSTW]* .* \(.*\)$/  {"\1", (void *) \&\1},/p'\'''
lt_cv_sys_global_symbol_to_c_name_address_lib_prefix='/usr/bin/sed -n -e '\''s/^: \(.*\) .*$/  {"\1", (void *) 0},/p'\'' -e '\''s/^[ABCDGIRSTW][ABCDGIRSTW]* .* \(lib.*\)$/  {"\1", (void *) \&\1},/p'\'' -e '\''s/^[ABCDGIRSTW][ABCDGIRSTW]* .* \(.*\)$/  {"lib\1", (void *) \&\1},/p'\'''
lt_cv_sys_global_symbol_to_cdecl='/usr/bin/sed -n -e '\''s/^T .* \(.*\)$/extern int \1();/p'\'' -e '\''s/^[ABCDGIRSTW][ABCDGIRSTW]* .* \(.*\)$/extern char \1;/p'\'''
lt_cv_sys_global_symbol_to_import=
lt_cv_sys_max_cmd_len=786432
lt_cv_to_host_file_cmd=func_convert_file_noop
lt_cv_to_tool_file_cmd=func_convert_file_noop
lt_cv_truncate_bin='/bin/dd bs=4096 count=1'

## ----------------- ##
## Output variables. ##
## ----------------- ##

ACLOCAL='${SHELL} '\''/Users/jamespickering/dev/beat-autosaver/vendor/fswatch-1.17.1/config/missing'\'' aclocal-1.16'
AMDEPBACKSLASH='\'
AMDEP_FALSE='#'
AMDEP_TRUE=''
AMTAR='$${TAR-tar}'
AM_BACKSLASH='\'
AM_DEFAULT_V='$(AM_DEFAULT_VERBOSITY)'
AM_DEFAULT_VERBOSITY='0'
AM_LIBFSWATCH_API_VERSION='13:0:0'
AM_V='$(V)'
AR='ar'
AUTOCONF='${SHELL} '\''/Users/jamespickering/dev/beat-autosaver/vendor/fswatch-1.17.1/config/missing'\'' autoconf'
AUTOHEADER='${SHELL} '\''/Users/jamespickering/dev/beat-autosaver/vendor/fswatch-1.17.1/config/missing'\'' autoheader'
AUTOMAKE='${SHELL} '\''/Users/jamespickering/dev/beat-autosaver/vendor/fswatch-1.17.1/config/missing'\'' automake-1.16'
AWK='awk'
BUILD_WIN_REALPATH_FALSE=''
BUILD_WIN_REALPATH_TRUE='#'
CC='gcc'
CCDEPMODE='depmode=gcc3'
CFLAGS='-g -O2'
CPPFLAGS=''
CSCOPE='cscope'
CTAGS='ctags'
CXX='clang++ -std=gnu++11'
CXXCPP='clang++ -E -std=gnu++11'
CXXDEPMODE='depmode=gcc3'
CXXFLAGS='-Wall -g -O2'
CYGPATH_W='echo'
DARWIN_VER='21.5.0'
DEFS='-DHAVE_CONFIG_H'
DEPDIR='.deps'
DLLTOOL='false'
DOXYGEN=''
DSYMUTIL='dsymutil'
DUMPBIN=''
ECHO_C='\c'
ECHO_N=''
ECHO_T=''
EGREP='/usr/bin/grep -E'
ETAGS='etags'
EXEEXT=''
FGREP='/usr/bin/grep -F'
FILECMD='file'
FSWATCH='fswatch'
GETTEXT_MACRO_VERSION='0.19'
GIT='/usr/bin/git'
GMSGFMT=':'
GMSGFMT_015=':'
GREP='/usr/bin/grep'
HAVE_CXX11='1'
HAVE_DOXYGEN_FALSE=''
HAVE_DOXYGEN_TRUE='#'
HAVE_MAKEINFO_FALSE='#'
HAVE_MAKEINFO_TRUE=''
HOST_OS='darwin21.5.0'
HOST_VENDOR='apple'
INSTALL_DATA='${INSTALL} -m 644'
INSTALL_PROGRAM='${INSTALL}'
INSTALL_SCRIPT='${INSTALL}'
INSTALL_STRIP_PROGRAM='$(install_sh) -c -s'
INTLLIBS=''
INTL_MACOSX_LIBS='-Wl,-framework -Wl,CoreFoundation'
IS_DARWIN='true'
LD='/Library/Developer/CommandLineTools/usr/bin/ld'
LDFLAGS=''
LIBICONV='-liconv'
LIBINTL=''
LIBOBJS=' ${LIBOBJDIR}lstat$U.o'
LIBS='-lc -lpthread '
LIBTOOL='$(SHELL) $(top_builddir)/libtool'
LIBTOOL_DEPS='./config//ltmain.sh'
LIPO='lipo'
LN_S='ln -s'
LTLIBICONV='-liconv'
LTLIBINTL=''
LTLIBOBJS=' ${LIBOBJDIR}lstat$U.lo'
LT_SYS_LIBRARY_PATH=''
MAKEINFO='${SHELL} '\''/Users/jamespickering/dev/beat-autosaver/vendor/fswatch-1.17.1/config/missing'\'' makeinfo'
MAKEINFO_PROG='/usr/bin/makeinfo'
MANIFEST_TOOL=':'
MAN_BUG_REPORT='enrico.m.crisostomo@gmail.com'
MAN_DATE='September 24, 2023'
MKDIR_P='./config/install-sh -c -d'
MSGFMT=':'
MSGFMT_015=':'
MSGMERGE=':'
NM='/usr/bin/nm -B'
NMEDIT='nmedit'
OBJDUMP='objdump'
OBJEXT='o'
OS_CYGWIN_FALSE=''
OS_CYGWIN_TRUE='#'
OTOOL64=':'
OTOOL='otool'
PACKAGE='fswatch'
PACKAGE_BUGREPORT='enrico.m.crisostomo@gmail.com'
PACKAGE_NAME='fswatch'
PACKAGE_STRING='fswatch 1.17.1'
PACKAGE_TARNAME='fswatch'
PACKAGE_URL='https://github.com/emcrisostomo/fswatch'
PACKAGE_VERSION='1.17.1'
PATH_SEPARATOR=':'
POSUB=''
POW_LIB=''
RANLIB='ranlib'
SED='/usr/bin/sed'
SET_MAKE=''
SHELL='/bin/sh'
STRIP='strip'
TARGET_OS='darwin21.5.0'
TARGET_VENDOR='apple'
USE_CYGWIN_FALSE=''
USE_CYGWIN_TRUE='#'
USE_FEN_FALSE=''
USE_FEN_TRUE='#'
USE_FSEVENTS_FALSE='#'
USE_FSEVENTS_TRUE=''
USE_INOTIFY_FALSE=''
USE_INOTIFY_TRUE='#'
USE_KQUEUE_FALSE='#'
USE_KQUEUE_TRUE=''
USE_NLS='no'
USE_NLS_FALSE=''
USE_NLS_TRUE='#'
USE_WINDOWS_FALSE=''
USE_WINDOWS_TRUE='#'
VERSION='1.17.1'
XGETTEXT=':'
XGETTEXT_015=':'
XGETTEXT_EXTRA_OPTIONS=''
ac_ct_AR='ar'
ac_ct_CC='gcc'
ac_ct_CXX='clang++'
ac_ct_DUMPBIN=''
am__EXEEXT_FALSE=''
am__EXEEXT_TRUE='#'
am__fastdepCC_FALSE='#'
am__fastdepCC_TRUE=''
am__fastdepCXX_FALSE='#'
am__fastdepCXX_TRUE=''
am__include='include'
am__isrc=''
am__leading_dot='.'
am__nodep='_no'
am__quote=''
am__tar='$${TAR-tar} chof - "$$tardir"'
am__untar='$${TAR-tar} xf -'
ax_git_current_branch=''
bindir='${exec_prefix}/bin'
build='x86_64-apple-darwin21.5.0'
build_alias=''
build_cpu='x86_64'
build_os='darwin21.5.0'
build_vendor='apple'
datadir='${datarootdir}'
datarootdir='${prefix}/share'
docdir='${datarootdir}/doc/${PACKAGE_TARNAME}'
dvidir='${docdir}'
exec_prefix='${prefix}'
host='x86_64-apple-darwin21.5.0'
host_alias=''
host_cpu='x86_64'
host_os='darwin21.5.0'
host_vendor='apple'
htmldir='${docdir}'
includedir='${prefix}/include'
infodir='${datarootdir}/info'
install_sh='${SHELL} /Users/jamespickering/dev/beat-autosaver/vendor/fswatch-1.17.1/config/install-sh'
libdir='${exec_prefix}/lib'
libexecdir='${exec_prefix}/libexec'
localedir='${datarootdir}/locale'
localstatedir='${prefix}/var'
mandir='${datarootdir}/man'
mkdir_p='$(MKDIR_P)'
oldincludedir='/usr/include'
pdfdir='${docdir}'
prefix='/usr/local'
program_transform_name='s,x,x,'
psdir='${docdir}'
runstatedir='${localstatedir}/run'
sbindir='${exec_prefix}/sbin'
sharedstatedir='${prefix}/com'
sysconfdir='${prefix}/etc'
target='x86_64-apple-darwin21.5.0'
target_alias=''
target_cpu='x86_64'
target_os='darwin21.5.0'
target_vendor='apple'

## ----------- ##
## confdefs.h. ##
## ----------- ##

/* confdefs.h */
#define PACKAGE_NAME "fswatch"
#define PACKAGE_TARNAME "fswatch"
#define PACKAGE_VERSION "1.17.1"
#define PACKAGE_STRING "fswatch 1.17.1"
#define PACKAGE_BUGREPORT "enrico.m.crisostomo@gmail.com"
#define PACKAGE_URL "https://github.com/emcrisostomo/fswatch"
#define PACKAGE "fswatch"
#define VERSION "1.17.1"
#define HAVE_STDIO_H 1
#define HAVE_STDLIB_H 1
#define HAVE_STRING_H 1
#define HAVE_INTTYPES_H 1
#define HAVE_STDINT_H 1
#define HAVE_STRINGS_H 1
#define HAVE_SYS_STAT_H 1
#define HAVE_SYS_TYPES_H 1
#define HAVE_UNISTD_H 1
#define STDC_HEADERS 1
#define HAVE_DLFCN_H 1
#define LT_OBJDIR ".libs/"
#define HAVE_CFPREFERENCESCOPYAPPVALUE 1
#define HAVE_CFLOCALECOPYCURRENT 1
#define HAVE_ICONV 1
#define HAVE_CXX11 1
#define HAVE_LIBPTHREAD 1
#define HAVE_CSTDLIB 1
#define HAVE_UNISTD_H 1
#define HAVE_FCNTL_H 1
#define HAVE_UNORDERED_MAP 1
#define HAVE_UNORDERED_SET 1
#define HAVE_GETOPT_H 1
#define HAVE_MACOS_GE_10_5 1
#define HAVE_MACOS_GE_10_7 1
#define HAVE_MACOS_GE_10_9 1
#define HAVE_MACOS_GE_10_10 1
#define HAVE_CORESERVICES_CORESERVICES_H 1
#define HAVE_FSEVENTS_FILE_EVENTS 1
#define HAVE_FSEVENTS_FSEVENTSTREAMSETDISPATCHQUEUE 1
#define HAVE_SYS_EVENT_H 1
#define HAVE_DECL_KQUEUE 1
#define HAVE_DECL_KEVENT 1
#define HAVE_LIBC 1
#define HAVE_CXX_MUTEX 1
#define HAVE_CXX_ATOMIC 1
#define HAVE_STRUCT_STAT_ST_MTIME 1
#define HAVE_STRUCT_STAT_ST_MTIMESPEC 1
#define HAVE_CXX_UNIQUE_PTR 1
#define HAVE_MODF 1
#define HAVE_SELECT 1
#define HAVE_ATEXIT 1
#define HAVE_SETLOCALE 1
#define HAVE_REALPATH 1
#define HAVE_REALPATH 1
#define HAVE_CXX_THREAD_LOCAL 1
#define HAVE_GETOPT_LONG 1

configure: exit 0
